Removed Pin From Net: NetName=SCL_0 Pin=J6-1
Removed Pin From Net: NetName=SDA_0 Pin=J6-2
Removed Pin From Net: NetName=SCL_0 Pin=J7-1
Removed Pin From Net: NetName=SDA_0 Pin=J7-2
Removed Pin From Net: NetName=SCL_0 Pin=J8-1
Removed Pin From Net: NetName=SDA_0 Pin=J8-2
Removed Pin From Net: NetName=SCL_0 Pin=J10-1
Removed Pin From Net: NetName=SDA_0 Pin=J10-2
Removed Pin From Net: NetName=SCL_0 Pin=J11-1
Removed Pin From Net: NetName=SDA_0 Pin=J11-2
Removed Pin From Net: NetName=SCL_0 Pin=J12-1
Removed Pin From Net: NetName=SDA_0 Pin=J12-2
Removed Pin From Net: NetName=SCL_0 Pin=J13-1
Removed Pin From Net: NetName=SDA_0 Pin=J13-2
Added Pin To Net: NetName=SCL_1 Pin=J6-1
Added Pin To Net: NetName=SDA_1 Pin=J6-2
Added Pin To Net: NetName=SCL_2 Pin=J7-1
Added Pin To Net: NetName=SDA_2 Pin=J7-2
Added Pin To Net: NetName=SCL_3 Pin=J8-1
Added Pin To Net: NetName=SDA_3 Pin=J8-2
Added Pin To Net: NetName=SCL_4 Pin=J10-1
Added Pin To Net: NetName=SDA_4 Pin=J10-2
Added Pin To Net: NetName=SCL_5 Pin=J11-1
Added Pin To Net: NetName=SDA_5 Pin=J11-2
Added Pin To Net: NetName=SCL_6 Pin=J12-1
Added Pin To Net: NetName=SDA_6 Pin=J12-2
Added Pin To Net: NetName=SCL_7 Pin=J13-1
Added Pin To Net: NetName=SDA_7 Pin=J13-2
Added Room: Name=Sheet1
