Removed Pin From Net: NetName=GND Pin=P3-2
Removed Pin From Net: NetName=SDA_3 Pin=P3-3
Removed Pin From Net: NetName=SCL_3 Pin=P3-4
Removed Pin From Net: NetName=GND Pin=P4-2
Removed Pin From Net: NetName=SDA_2 Pin=P4-3
Removed Pin From Net: NetName=SCL_2 Pin=P4-4
Removed Pin From Net: NetName=GND Pin=P5-2
Removed Pin From Net: NetName=SDA_1 Pin=P5-3
Removed Pin From Net: NetName=SCL_1 Pin=P5-4
Removed Pin From Net: NetName=GND Pin=P6-2
Removed Pin From Net: NetName=SDA_0 Pin=P6-3
Removed Pin From Net: NetName=SCL_0 Pin=P6-4
Removed Pin From Net: NetName=GND Pin=P7-2
Removed Pin From Net: NetName=SDA_4 Pin=P7-3
Removed Pin From Net: NetName=SCL_4 Pin=P7-4
Removed Pin From Net: NetName=GND Pin=P8-2
Removed Pin From Net: NetName=SDA_5 Pin=P8-3
Removed Pin From Net: NetName=SCL_5 Pin=P8-4
Removed Pin From Net: NetName=GND Pin=P9-2
Removed Pin From Net: NetName=SDA_6 Pin=P9-3
Removed Pin From Net: NetName=SCL_6 Pin=P9-4
Removed Pin From Net: NetName=GND Pin=P10-2
Removed Pin From Net: NetName=SDA_7 Pin=P10-3
Removed Pin From Net: NetName=SCL_7 Pin=P10-4
Removed Member From Class: ClassName=Sheet1 Member=P3
Removed Member From Class: ClassName=Sheet1 Member=P4
Removed Member From Class: ClassName=Sheet1 Member=P5
Removed Member From Class: ClassName=Sheet1 Member=P6
Removed Member From Class: ClassName=Sheet1 Member=P7
Removed Member From Class: ClassName=Sheet1 Member=P8
Removed Member From Class: ClassName=Sheet1 Member=P9
Removed Member From Class: ClassName=Sheet1 Member=P10
Added Room: Name=Sheet1
