Added Component: Designator=USB1(USB-M3)
Add component (AddParameter): Name = "ComponentLink1Description"; Value = "Manufacturer Link"; VariantName = "[No Variations]"
Add component (AddParameter): Name = "ComponentLink1URL"; Value = "http://www.tycoelectronics.com/"; VariantName = "[No Variations]"
Add component (AddParameter): Name = "ComponentLink2Description"; Value = "Packaging Specification"; VariantName = "[No Variations]"
Add component (AddParameter): Name = "ComponentLink2URL"; Value = "http://ecommas.tycoelectronics.com/commerce/DocumentDelivery/DDEController?Action=showdoc&DocId=Customer+Drawing%7F440247%7FD%7Fpdf%7FEnglish%7FC_440247_D.pdf"; VariantName = "[No Variations]"
Add component (AddParameter): Name = "ContactMaterial"; Value = "Copper Alloy"; VariantName = "[No Variations]"
Add component (AddParameter): Name = "ContactPlating"; Value = "Gold (30)"; VariantName = "[No Variations]"
Add component (AddParameter): Name = "DatasheetDocument"; Value = "27-Jun-2003"; VariantName = "[No Variations]"
Add component (AddParameter): Name = "DrillSize"; Value = "Corresponds to nominal value."; VariantName = "[No Variations]"
Add component (AddParameter): Name = "HousingMaterial"; Value = "Thermoplastic"; VariantName = "[No Variations]"
Add component (AddParameter): Name = "PackageDocument"; Value = "27-Jun-2003"; VariantName = "[No Variations]"
Add component (AddParameter): Name = "PackageReference"; Value = "440247"; VariantName = "[No Variations]"
Add component (AddParameter): Name = "PanelGround"; Value = "Without"; VariantName = "[No Variations]"
Add component (AddParameter): Name = "PCB_Layout"; Value = "Complies with manufacturer's recommendation."; VariantName = "[No Variations]"
Add component (AddParameter): Name = "Published"; Value = "15-Jul-2004"; VariantName = "[No Variations]"
Add component (AddParameter): Name = "Publisher"; Value = "Altium Limited"; VariantName = "[No Variations]"
Added Pin To Net: NetName=+5 Pin=USB1-1
Added Pin To Net: NetName=D- Pin=USB1-2
Added Pin To Net: NetName=D+ Pin=USB1-3
Added Pin To Net: NetName=GND Pin=USB1-4
Added Pin To Net: NetName=GND Pin=USB1-5
Added Pin To Net: NetName=GND Pin=USB1-5
Added Pin To Net: NetName=GND Pin=USB1-5
Added Pin To Net: NetName=GND Pin=USB1-5
Added Pin To Net: NetName=GND Pin=USB1-5
Added Pin To Net: NetName=GND Pin=USB1-5
Added Pin To Net: NetName=GND Pin=USB1-5
Added Member To Class: ClassName=Sheet1 Member=Component USB1 USB2.0
Added Room: Name=Sheet1
