Removed Member From Class: ClassName=MCU Member=+5
Removed Member From Class: ClassName=MCU Member=+5L
Removed Member From Class: ClassName=MCU Member=ADC_POWER
Removed Member From Class: ClassName=MCU Member=BT_Config
Removed Member From Class: ClassName=MCU Member=BT_IN
Removed Member From Class: ClassName=MCU Member=C_LED_WS2812
Removed Member From Class: ClassName=MCU Member=D+
Removed Member From Class: ClassName=MCU Member=D-
Removed Member From Class: ClassName=MCU Member=DTR_CH340
Removed Member From Class: ClassName=MCU Member=EN
Removed Member From Class: ClassName=MCU Member=GND
Removed Member From Class: ClassName=MCU Member=GPIO_0
Removed Member From Class: ClassName=MCU Member=GPIO_2
Removed Member From Class: ClassName=MCU Member=HAL_CHA_M1
Removed Member From Class: ClassName=MCU Member=HAL_CHA_M2
Removed Member From Class: ClassName=MCU Member=HAL_CHB_M1
Removed Member From Class: ClassName=MCU Member=HAL_CHB_M2
Removed Member From Class: ClassName=MCU Member=MCU_RX
Removed Member From Class: ClassName=MCU Member=MCU_TX
Removed Member From Class: ClassName=MCU Member=NetLabel136
Removed Member From Class: ClassName=MCU Member=NetLabel137
Removed Member From Class: ClassName=MCU Member=NetLED1_1
Removed Member From Class: ClassName=MCU Member=NetLED2_1
Removed Member From Class: ClassName=MCU Member=NetQ1_1
Removed Member From Class: ClassName=MCU Member=NetQ2_1
Removed Member From Class: ClassName=MCU Member=NetR1_1
Removed Member From Class: ClassName=MCU Member=OP1
Removed Member From Class: ClassName=MCU Member=OP2
Removed Member From Class: ClassName=MCU Member=OP3
Removed Member From Class: ClassName=MCU Member=OP4
Removed Member From Class: ClassName=MCU Member=OP5
Removed Member From Class: ClassName=MCU Member=OP6
Removed Member From Class: ClassName=MCU Member=OP7
Removed Member From Class: ClassName=MCU Member=OP8
Removed Member From Class: ClassName=MCU Member=PWM_A
Removed Member From Class: ClassName=MCU Member=PWM_B
Removed Member From Class: ClassName=MCU Member=RST_CH340
Removed Member From Class: ClassName=MCU Member=SCL
Removed Member From Class: ClassName=MCU Member=SD_CLK
Removed Member From Class: ClassName=MCU Member=SD_CS
Removed Member From Class: ClassName=MCU Member=SD_MOSI
Removed Member From Class: ClassName=MCU Member=SDA
Removed Member From Class: ClassName=MCU Member=SPI_CLK
Removed Member From Class: ClassName=MCU Member=SPI_CS_SREEN
Removed Member From Class: ClassName=MCU Member=SPI_CS
Removed Member From Class: ClassName=MCU Member=SPI_MISO
Removed Member From Class: ClassName=MCU Member=SPI_MOSI
Removed Member From Class: ClassName=MCU Member=U2_RX
Removed Member From Class: ClassName=MCU Member=U2_TX
Removed Member From Class: ClassName=MCU Member=USB_RX
Removed Member From Class: ClassName=MCU Member=USB_TX
Removed Member From Class: ClassName=MCU Member=VCC
Removed Member From Class: ClassName=MCU Member=XI
Removed Member From Class: ClassName=MCU Member=XO
Change Class Name : Old Net Name=MCU New Net Name=SDA_INPUT
Added Room: Name=Sheet1
Added Room: Name=Sheet2
