Removed Pin From Net: NetName=GND Pin=C8-1
Removed Pin From Net: NetName=+5 Pin=C8-2
Removed Pin From Net: NetName=GND Pin=C9-1
Removed Pin From Net: NetName=+5 Pin=C9-2
Removed Pin From Net: NetName=GND Pin=C10-1
Removed Pin From Net: NetName=+5 Pin=C10-2
Removed Pin From Net: NetName=GND Pin=C11-1
Removed Pin From Net: NetName=+5 Pin=C11-2
Removed Pin From Net: NetName=GND Pin=C12-1
Removed Pin From Net: NetName=+5 Pin=C12-2
Removed Pin From Net: NetName=GND Pin=C13-1
Removed Pin From Net: NetName=+5 Pin=C13-2
Removed Pin From Net: NetName=GND Pin=C14-1
Removed Pin From Net: NetName=+5 Pin=C14-2
Removed Pin From Net: NetName=GND Pin=C15-1
Removed Pin From Net: NetName=+5 Pin=C15-2
Removed Pin From Net: NetName=GND Pin=C16-1
Removed Pin From Net: NetName=+5 Pin=C16-2
Removed Pin From Net: NetName=GND Pin=C17-1
Removed Pin From Net: NetName=+5 Pin=C17-2
Removed Pin From Net: NetName=GND Pin=C18-1
Removed Pin From Net: NetName=+5 Pin=C18-2
Removed Pin From Net: NetName=GND Pin=C19-1
Removed Pin From Net: NetName=+5 Pin=C19-2
Removed Pin From Net: NetName=GND Pin=C20-1
Removed Pin From Net: NetName=+5 Pin=C20-2
Removed Pin From Net: NetName=GND Pin=C21-1
Removed Pin From Net: NetName=+5 Pin=C21-2
Removed Pin From Net: NetName=GND Pin=C22-1
Removed Pin From Net: NetName=+5 Pin=C22-2
Removed Pin From Net: NetName=GND Pin=C23-1
Removed Pin From Net: NetName=+5 Pin=C23-2
Removed Pin From Net: NetName=GND Pin=Cx3-1
Removed Pin From Net: NetName=EN Pin=Cx3-2
Removed Pin From Net: NetName=EN Pin=R12-1
Removed Pin From Net: NetName=VCC Pin=R12-2
Removed Pin From Net: NetName=SDA Pin=R21-1
Removed Pin From Net: NetName=VCC Pin=R21-2
Removed Pin From Net: NetName=SCL Pin=R22-1
Removed Pin From Net: NetName=VCC Pin=R22-2
Removed Pin From Net: NetName=EN Pin=SW3-1
Removed Pin From Net: NetName=GND Pin=SW3-2
Removed Pin From Net: NetName=GND Pin=U6-1
Removed Pin From Net: NetName=GND Pin=U6-2
Removed Pin From Net: NetName=GND Pin=U6-3
Removed Pin From Net: NetName=GND Pin=U6-4
Removed Pin From Net: NetName=GND Pin=U6-5
Removed Pin From Net: NetName=GND Pin=U6-14
Removed Pin From Net: NetName=GND Pin=U6-23
Removed Pin From Net: NetName=GND Pin=U6-24
Removed Pin From Net: NetName=GND Pin=U6-25
Removed Pin From Net: NetName=SCL Pin=U6-26
Removed Pin From Net: NetName=SDA Pin=U6-27
Removed Pin From Net: NetName=VCC Pin=U6-28
Removed Member From Class: ClassName=Sheet1 Member=Cx3
Removed Member From Class: ClassName=Sheet1 Member=MMC1
Removed Member From Class: ClassName=Sheet1 Member=R12
Removed Member From Class: ClassName=Sheet1 Member=SW3
Added Room: Name=Sheet1
