Removed Pin From Net: NetName=SERVO1 Pin=C9-3
Removed Pin From Net: NetName=SERVO1 Pin=C10-3
Removed Pin From Net: NetName=SERVO1 Pin=C11-3
Removed Pin From Net: NetName=SERVO1 Pin=C12-3
Removed Pin From Net: NetName=SERVO1 Pin=C13-3
Removed Pin From Net: NetName=SERVO1 Pin=C14-3
Removed Pin From Net: NetName=SERVO1 Pin=C15-3
Removed Pin From Net: NetName=SERVO1 Pin=C16-3
Removed Pin From Net: NetName=SERVO1 Pin=C17-3
Removed Pin From Net: NetName=SERVO1 Pin=C18-3
Removed Pin From Net: NetName=SERVO1 Pin=C19-3
Removed Pin From Net: NetName=SERVO1 Pin=C20-3
Removed Pin From Net: NetName=SERVO1 Pin=C21-3
Removed Pin From Net: NetName=SERVO1 Pin=C22-3
Removed Pin From Net: NetName=SERVO1 Pin=C23-3
Added Pin To Net: NetName=SERVO2 Pin=C9-3
Added Net: Name=SERVO2
Added Pin To Net: NetName=SERVO3 Pin=C10-3
Added Net: Name=SERVO3
Added Pin To Net: NetName=SERVO4 Pin=C11-3
Added Net: Name=SERVO4
Added Pin To Net: NetName=SERVO5 Pin=C16-3
Added Net: Name=SERVO5
Added Pin To Net: NetName=SERVO6 Pin=C17-3
Added Net: Name=SERVO6
Added Pin To Net: NetName=SERVO7 Pin=C18-3
Added Net: Name=SERVO7
Added Pin To Net: NetName=SERVO8 Pin=C19-3
Added Net: Name=SERVO8
Added Pin To Net: NetName=SERVO9 Pin=C12-3
Added Net: Name=SERVO9
Added Pin To Net: NetName=SERVO10 Pin=C13-3
Added Net: Name=SERVO10
Added Pin To Net: NetName=SERVO11 Pin=C14-3
Added Net: Name=SERVO11
Added Pin To Net: NetName=SERVO12 Pin=C15-3
Added Net: Name=SERVO12
Added Pin To Net: NetName=SERVO13 Pin=C20-3
Added Net: Name=SERVO13
Added Pin To Net: NetName=SERVO14 Pin=C21-3
Added Net: Name=SERVO14
Added Pin To Net: NetName=SERVO15 Pin=C22-3
Added Net: Name=SERVO15
Added Pin To Net: NetName=SERVO16 Pin=C23-3
Added Net: Name=SERVO16
Added Member To Class: ClassName=MCU Member=Wire SERVO2
Added Member To Class: ClassName=MCU Member=Wire SERVO3
Added Member To Class: ClassName=MCU Member=Wire SERVO4
Added Member To Class: ClassName=MCU Member=Wire SERVO5
Added Member To Class: ClassName=MCU Member=Wire SERVO6
Added Member To Class: ClassName=MCU Member=Wire SERVO7
Added Member To Class: ClassName=MCU Member=Wire SERVO8
Added Member To Class: ClassName=MCU Member=Wire SERVO9
Added Member To Class: ClassName=MCU Member=Wire SERVO10
Added Member To Class: ClassName=MCU Member=Wire SERVO11
Added Member To Class: ClassName=MCU Member=Wire SERVO12
Added Member To Class: ClassName=MCU Member=Wire SERVO13
Added Member To Class: ClassName=MCU Member=Wire SERVO14
Added Member To Class: ClassName=MCU Member=Wire SERVO15
Added Member To Class: ClassName=MCU Member=Wire SERVO16
Added Room: Name=Sheet1
