Removed Pin From Net: NetName=SDA Pin=C4-1
Removed Pin From Net: NetName=SCL Pin=C4-2
Removed Pin From Net: NetName=GND Pin=C4-3
Removed Pin From Net: NetName=VCC Pin=C4-4
Removed Pin From Net: NetName=GND Pin=Cx3-1
Removed Pin From Net: NetName=BT_Config Pin=Cx3-2
Removed Pin From Net: NetName=GND Pin=Cx4-1
Removed Pin From Net: NetName=BT_IN Pin=Cx4-2
Removed Pin From Net: NetName=SDA Pin=R4-1
Removed Pin From Net: NetName=VCC Pin=R4-2
Removed Pin From Net: NetName=SCL Pin=R5-1
Removed Pin From Net: NetName=VCC Pin=R5-2
Removed Pin From Net: NetName=SCL Pin=R6-1
Removed Pin From Net: NetName=VCC Pin=R6-2
Removed Pin From Net: NetName=SDA Pin=R7-1
Removed Pin From Net: NetName=VCC Pin=R7-2
Removed Pin From Net: NetName=BT_Config Pin=R8-1
Removed Pin From Net: NetName=VCC Pin=R8-2
Removed Pin From Net: NetName=BT_IN Pin=R9-1
Removed Pin From Net: NetName=VCC Pin=R9-2
Removed Pin From Net: NetName=GND Pin=SW1-1
Removed Pin From Net: NetName=BT_Config Pin=SW1-2
Removed Pin From Net: NetName=BT_Config Pin=SW1-3
Removed Pin From Net: NetName=GND Pin=SW1-4
Removed Pin From Net: NetName=GND Pin=SW2-1
Removed Pin From Net: NetName=BT_IN Pin=SW2-2
Removed Pin From Net: NetName=BT_IN Pin=SW2-3
Removed Pin From Net: NetName=GND Pin=SW2-4
Removed Member From Class: ClassName=Sheet1 Member=Cx3
Removed Member From Class: ClassName=Sheet1 Member=Cx4
Removed Member From Class: ClassName=Sheet1 Member=R4
Removed Member From Class: ClassName=Sheet1 Member=R5
Removed Member From Class: ClassName=Sheet1 Member=R6
Removed Member From Class: ClassName=Sheet1 Member=R7
Removed Member From Class: ClassName=Sheet1 Member=R8
Removed Member From Class: ClassName=Sheet1 Member=R9
Removed Member From Class: ClassName=Sheet1 Member=SW1
Removed Member From Class: ClassName=Sheet1 Member=SW2
Added Member To Class: ClassName=Sheet1 Member=Component C1 22uF 10V
Added Member To Class: ClassName=Sheet1 Member=Component C2 22uF 6.3
Added Member To Class: ClassName=Sheet1 Member=Component C6 22uF 6.3V
Added Room: Name=Sheet1
