Change Component Footprint: Designator=C4 Old Footprint=J2-D1T New Footprint=JP2-C1T
Change Component Footprint: Designator=C5 Old Footprint=J2-D1T New Footprint=JP2-C1T
Change Component Footprint: Designator=C6 Old Footprint=J2-D1T New Footprint=JP2-C1T
Change Component Comment : Designator=C4 Old Comment=JP2x1-2.0 New Comment=JP2
Change Component Comment : Designator=C5 Old Comment=JP2x1-2.0 New Comment=JP2
Change Component Comment : Designator=C6 Old Comment=JP2x1-2.0 New Comment=JP2
Change component parameters: Designator = "C4" ("C4"); Footprint = "J2-D1T"; UniqueID = "\HPIRQAZQ" ("\HPIRQAZQ")
Change component parameters (AddParameter): Name = "ComponentLink1 Description"; Value = "Manufacturer"; VariantName = "[No Variations]"
Change component parameters (AddParameter): Name = "ComponentLink1URL"; Value = "http://www.we-online.com"; VariantName = "[No Variations]"
Change component parameters (AddParameter): Name = "ComponentLink2 Description"; Value = "Datasheet"; VariantName = "[No Variations]"
Change component parameters (AddParameter): Name = "ComponentLink2URL"; Value = "http://katalog.we-online.de/em/datasheet/6130xx143121.pdf"; VariantName = "[No Variations]"
Change component parameters (AddParameter): Name = "Created by"; Value = "Karrer Zheng"; VariantName = "[No Variations]"
Change component parameters (AddParameter): Name = "Created Date"; Value = "29 March 2013"; VariantName = "[No Variations]"
Change component parameters (AddParameter): Name = "Manufacturer"; Value = "W¨¹rth Elektronik eiSos GmbH"; VariantName = "[No Variations]"
Change component parameters (AddParameter): Name = "NoPins"; Value = "02"; VariantName = "[No Variations]"
Change component parameters (AddParameter): Name = "partNo"; Value = "613002143121"; VariantName = "[No Variations]"
Change component parameters: Designator = "C5" ("C5"); Footprint = "J2-D1T"; UniqueID = "\DUWUKPNA" ("\DUWUKPNA")
Change component parameters (AddParameter): Name = "ComponentLink1 Description"; Value = "Manufacturer"; VariantName = "[No Variations]"
Change component parameters (AddParameter): Name = "ComponentLink1URL"; Value = "http://www.we-online.com"; VariantName = "[No Variations]"
Change component parameters (AddParameter): Name = "ComponentLink2 Description"; Value = "Datasheet"; VariantName = "[No Variations]"
Change component parameters (AddParameter): Name = "ComponentLink2URL"; Value = "http://katalog.we-online.de/em/datasheet/6130xx143121.pdf"; VariantName = "[No Variations]"
Change component parameters (AddParameter): Name = "Created by"; Value = "Karrer Zheng"; VariantName = "[No Variations]"
Change component parameters (AddParameter): Name = "Created Date"; Value = "29 March 2013"; VariantName = "[No Variations]"
Change component parameters (AddParameter): Name = "Manufacturer"; Value = "W¨¹rth Elektronik eiSos GmbH"; VariantName = "[No Variations]"
Change component parameters (AddParameter): Name = "NoPins"; Value = "02"; VariantName = "[No Variations]"
Change component parameters (AddParameter): Name = "partNo"; Value = "613002143121"; VariantName = "[No Variations]"
Change component parameters: Designator = "C6" ("C6"); Footprint = "J2-D1T"; UniqueID = "\ANLBTNCE" ("\ANLBTNCE")
Change component parameters (AddParameter): Name = "ComponentLink1 Description"; Value = "Manufacturer"; VariantName = "[No Variations]"
Change component parameters (AddParameter): Name = "ComponentLink1URL"; Value = "http://www.we-online.com"; VariantName = "[No Variations]"
Change component parameters (AddParameter): Name = "ComponentLink2 Description"; Value = "Datasheet"; VariantName = "[No Variations]"
Change component parameters (AddParameter): Name = "ComponentLink2URL"; Value = "http://katalog.we-online.de/em/datasheet/6130xx143121.pdf"; VariantName = "[No Variations]"
Change component parameters (AddParameter): Name = "Created by"; Value = "Karrer Zheng"; VariantName = "[No Variations]"
Change component parameters (AddParameter): Name = "Created Date"; Value = "29 March 2013"; VariantName = "[No Variations]"
Change component parameters (AddParameter): Name = "Manufacturer"; Value = "W¨¹rth Elektronik eiSos GmbH"; VariantName = "[No Variations]"
Change component parameters (AddParameter): Name = "NoPins"; Value = "02"; VariantName = "[No Variations]"
Change component parameters (AddParameter): Name = "partNo"; Value = "613002143121"; VariantName = "[No Variations]"
Added Member To Class: ClassName=Sheet1 Member=Component C4 JP2
Added Member To Class: ClassName=Sheet1 Member=Component C5 JP2
Added Member To Class: ClassName=Sheet1 Member=Component C6 JP2
Added Room: Name=Sheet1
