Change Component Designator: OldDesignator=Cx1 NewDesignator=Cx3
Change Component Designator: OldDesignator=Cx2 NewDesignator=Cx4
Change Component Designator: OldDesignator=J1 NewDesignator=J3
Change Component Designator: OldDesignator=J2 NewDesignator=J4
Change Component Designator: OldDesignator=J3 NewDesignator=J1
Change Component Designator: OldDesignator=J4 NewDesignator=J2
Change Component Designator: OldDesignator=U1 NewDesignator=U2
Change Component Designator: OldDesignator=U3 NewDesignator=U4
Change Component Designator: OldDesignator=U4 NewDesignator=U5
Change Component Designator: OldDesignator=U5 NewDesignator=U6
Added Component: Designator=Cx1(CN-SMD-0603)
Add component (AddParameter): Name = "Value"; Value = "33pF"; VariantName = "[No Variations]"
Added Component: Designator=Cx2(CN-SMD-0603)
Add component (AddParameter): Name = "Value"; Value = "33pF"; VariantName = "[No Variations]"
Added Component: Designator=U1(SOP65P760X160-24N)
Add component (AddParameter): Name = "Digi-Key_Part_Number"; Value = "TB6612FNGC8ELCT-ND"; VariantName = "[No Variations]"
Add component (AddParameter): Name = "Digi-Key_Purchase_URL"; Value = "https://www.digikey.com/product-detail/en/toshiba-semiconductor-and-storage/TB6612FNG,C,8,EL/TB6612FNGC8ELCT-ND/1730134?utm_source=snapeda&utm_medium=aggregator&utm_campaign=symbol"; VariantName = "[No Variations]"
Add component (AddParameter): Name = "MF"; Value = "Toshiba"; VariantName = "[No Variations]"
Add component (AddParameter): Name = "MP"; Value = "TB6612FNG,C,8,EL"; VariantName = "[No Variations]"
Add component (AddParameter): Name = "Package"; Value = "SSOP-24 Toshiba"; VariantName = "[No Variations]"
Add component (AddParameter): Name = "SnapEDA_Link"; Value = "https://www.snapeda.com/parts/TB6612FNG%2CC%2C8%2CEL/Toshiba%20Semiconductor%20and%20Storage/view-part/424445/?ref=snap"; VariantName = "[No Variations]"
Add component (AddParameter): Name = "Value"; Value = ""; VariantName = "[No Variations]"
Added Pin To Net: NetName=VCC Pin=J1-3
Added Pin To Net: NetName=HAL_CHB_M1 Pin=J1-4
Added Pin To Net: NetName=HAL_CHA_M1 Pin=J1-5
Added Pin To Net: NetName=GND Pin=J1-6
Added Pin To Net: NetName=VCC Pin=J2-3
Added Pin To Net: NetName=HAL_CHB_M2 Pin=J2-4
Added Pin To Net: NetName=HAL_CHA_M2 Pin=J2-5
Added Pin To Net: NetName=GND Pin=J2-6
Added Pin To Net: NetName=GND Pin=U1-3
Added Pin To Net: NetName=GND Pin=U1-4
Added Pin To Net: NetName=GND Pin=U1-9
Added Pin To Net: NetName=GND Pin=U1-10
Added Pin To Net: NetName=+5 Pin=U1-13
Added Pin To Net: NetName=+5 Pin=U1-14
Added Pin To Net: NetName=GND Pin=U1-18
Added Pin To Net: NetName=VCC Pin=U1-19
Added Pin To Net: NetName=+5 Pin=U1-20
Added Pin To Net: NetName=+5 Pin=U1-24
Added Pin To Net: NetName=AO1 Pin=Cx1-2
Added Pin To Net: NetName=AO1 Pin=J1-1
Added Pin To Net: NetName=AO1 Pin=U1-1
Added Pin To Net: NetName=AO1 Pin=U1-2
Added Net: Name=AO1
Added Pin To Net: NetName=AO2 Pin=Cx1-1
Added Pin To Net: NetName=AO2 Pin=J1-2
Added Pin To Net: NetName=AO2 Pin=U1-5
Added Pin To Net: NetName=AO2 Pin=U1-6
Added Net: Name=AO2
Added Pin To Net: NetName=BO1 Pin=Cx2-2
Added Pin To Net: NetName=BO1 Pin=J2-1
Added Pin To Net: NetName=BO1 Pin=U1-11
Added Pin To Net: NetName=BO1 Pin=U1-12
Added Net: Name=BO1
Added Pin To Net: NetName=BO2 Pin=Cx2-1
Added Pin To Net: NetName=BO2 Pin=J2-2
Added Pin To Net: NetName=BO2 Pin=U1-7
Added Pin To Net: NetName=BO2 Pin=U1-8
Added Net: Name=BO2
Added Pin To Net: NetName=DIR_A1 Pin=U1-21
Added Net: Name=DIR_A1
Added Pin To Net: NetName=DIR_A2 Pin=U1-22
Added Net: Name=DIR_A2
Added Pin To Net: NetName=DIR_B1 Pin=U1-17
Added Net: Name=DIR_B1
Added Pin To Net: NetName=DIR_B2 Pin=U1-16
Added Net: Name=DIR_B2
Added Pin To Net: NetName=PWMA Pin=U1-23
Added Net: Name=PWMA
Added Pin To Net: NetName=PWMB Pin=U1-15
Added Net: Name=PWMB
Added Member To Class: ClassName=Sheet1 Member=Component Cx3 104
Added Member To Class: ClassName=Sheet1 Member=Component Cx4 104
Added Member To Class: ClassName=Sheet1 Member=Component U2 TCA9548APWR
Added Member To Class: ClassName=Sheet1 Member=Component U6 CH340G
Added Room: Name=Sheet1
