Added Component: Designator=U2(Texas_Instruments_PW0014A_MFG)
Added Pin To Net: NetName=GND Pin=U2-1
Added Pin To Net: NetName=NetR1_1 Pin=U2-2
Added Pin To Net: NetName=SD_CMD Pin=U2-3
Added Pin To Net: NetName=GND Pin=U2-4
Added Pin To Net: NetName=NetR2_1 Pin=U2-5
Added Pin To Net: NetName=SD_CLK Pin=U2-6
Added Pin To Net: NetName=GND Pin=U2-7
Added Pin To Net: NetName=SD_DATA3 Pin=U2-8
Added Pin To Net: NetName=NetR3_1 Pin=U2-9
Added Pin To Net: NetName=GND Pin=U2-10
Added Pin To Net: NetName=SPI_MISO Pin=U2-11
Added Pin To Net: NetName=NetR4_1 Pin=U2-12
Added Pin To Net: NetName=GND Pin=U2-13
Added Pin To Net: NetName=VCC Pin=U2-14
Added Member To Class: ClassName=Sheet1 Member=Component C2 22uF 6.3
Added Member To Class: ClassName=Sheet1 Member=Component C6 22pF
Added Member To Class: ClassName=Sheet1 Member=Component C7 22pF
Added Member To Class: ClassName=Sheet1 Member=Component J1 MEM2075-00-140-01-A
Added Member To Class: ClassName=Sheet1 Member=Component J3 532610671
Added Member To Class: ClassName=Sheet1 Member=Component J4 3-1734261-4
Added Member To Class: ClassName=Sheet1 Member=Component J6 3-1734261-4
Added Member To Class: ClassName=Sheet1 Member=Component J8 USB4105_REVA
Added Member To Class: ClassName=Sheet1 Member=Component J12 3-1734261-4
Added Member To Class: ClassName=Sheet1 Member=Component R1 3k3
Added Member To Class: ClassName=Sheet1 Member=Component R2 3k3
Added Member To Class: ClassName=Sheet1 Member=Component R3 3k3
Added Member To Class: ClassName=Sheet1 Member=Component U2 SN74HC125PWR
Added Room: Name=Sheet1
