Added Component: Designator=P?(JP8)
Add component (AddParameter): Name = "LatestRevisionDate"; Value = "17-Jul-2002"; VariantName = "[No Variations]"
Add component (AddParameter): Name = "LatestRevisionNote"; Value = "Re-released for DXP Platform."; VariantName = "[No Variations]"
Add component (AddParameter): Name = "Publisher"; Value = "Altium Limited"; VariantName = "[No Variations]"
Added Component: Designator=P?(JP8)
Add component (AddParameter): Name = "LatestRevisionDate"; Value = "17-Jul-2002"; VariantName = "[No Variations]"
Add component (AddParameter): Name = "LatestRevisionNote"; Value = "Re-released for DXP Platform."; VariantName = "[No Variations]"
Add component (AddParameter): Name = "Publisher"; Value = "Altium Limited"; VariantName = "[No Variations]"
Added Pin To Net: NetName=VCC Pin=P?-6
Added Pin To Net: NetName=VCC Pin=P?-6
Added Pin To Net: NetName=GND Pin=P?-8
Added Pin To Net: NetName=GND Pin=P?-8
Added Pin To Net: NetName=LCD_BL Pin=P?-7
Added Pin To Net: NetName=LCD_BL Pin=P?-7
Added Net: Name=LCD_BL
Added Pin To Net: NetName=LCD_CE Pin=P?-2
Added Pin To Net: NetName=LCD_CE Pin=P?-2
Added Net: Name=LCD_CE
Added Pin To Net: NetName=LCD_CLK Pin=P?-5
Added Pin To Net: NetName=LCD_CLK Pin=P?-5
Added Net: Name=LCD_CLK
Added Pin To Net: NetName=LCD_DC Pin=P?-3
Added Pin To Net: NetName=LCD_DC Pin=P?-3
Added Net: Name=LCD_DC
Added Pin To Net: NetName=LCD_DIN Pin=P?-4
Added Pin To Net: NetName=LCD_DIN Pin=P?-4
Added Net: Name=LCD_DIN
Added Pin To Net: NetName=LCD_RST Pin=P?-1
Added Pin To Net: NetName=LCD_RST Pin=P?-1
Added Net: Name=LCD_RST
Added Class: Name=LCD
Added Member To Class: ClassName=Sheet1 Member=Component P? Header 8
Added Member To Class: ClassName=Sheet1 Member=Component P? Header 8
Added Room: Name=Sheet1
Added Room: Name=Sheet2
