Change Component Designator: OldDesignator=C? NewDesignator=C8
Change Component Designator: OldDesignator=C? NewDesignator=C9
Change Component Designator: OldDesignator=C? NewDesignator=C10
Change Component Designator: OldDesignator=C? NewDesignator=C11
Change Component Designator: OldDesignator=C? NewDesignator=C12
Change Component Designator: OldDesignator=C? NewDesignator=C13
Change Component Designator: OldDesignator=C? NewDesignator=C14
Change Component Designator: OldDesignator=C? NewDesignator=C15
Change Component Designator: OldDesignator=C? NewDesignator=C16
Change Component Designator: OldDesignator=C? NewDesignator=C17
Change Component Designator: OldDesignator=C? NewDesignator=C18
Change Component Designator: OldDesignator=C? NewDesignator=C19
Change Component Designator: OldDesignator=C? NewDesignator=C20
Change Component Designator: OldDesignator=C? NewDesignator=C21
Change Component Designator: OldDesignator=C? NewDesignator=C22
Change Component Designator: OldDesignator=C? NewDesignator=C23
Change Component Designator: OldDesignator=R? NewDesignator=R19
Change Component Designator: OldDesignator=R? NewDesignator=R20
Change Component Designator: OldDesignator=U? NewDesignator=U6
Added Member To Class: ClassName=Sheet2 Member=Component C8 JP3
Added Member To Class: ClassName=Sheet2 Member=Component C9 JP3
Added Member To Class: ClassName=Sheet2 Member=Component C10 JP3
Added Member To Class: ClassName=Sheet2 Member=Component C11 JP3
Added Member To Class: ClassName=Sheet2 Member=Component C12 JP3
Added Member To Class: ClassName=Sheet2 Member=Component C13 JP3
Added Member To Class: ClassName=Sheet2 Member=Component C14 JP3
Added Member To Class: ClassName=Sheet2 Member=Component C15 JP3
Added Member To Class: ClassName=Sheet2 Member=Component C16 JP3
Added Member To Class: ClassName=Sheet2 Member=Component C17 JP3
Added Member To Class: ClassName=Sheet2 Member=Component C18 JP3
Added Member To Class: ClassName=Sheet2 Member=Component C19 JP3
Added Member To Class: ClassName=Sheet2 Member=Component C20 JP3
Added Member To Class: ClassName=Sheet2 Member=Component C21 JP3
Added Member To Class: ClassName=Sheet2 Member=Component C23 JP3
Added Member To Class: ClassName=Sheet2 Member=Component R20 4k7
