Removed Pin From Net: NetName=TP_PINT2 Pin=Q1-1
Removed Pin From Net: NetName=TP_PINT2 Pin=Q1-2
Removed Pin From Net: NetName=TP_PINT2 Pin=Q1-3
Removed Pin From Net: NetName=TP_PINT2 Pin=R4-1
Removed Pin From Net: NetName=VCC Pin=R9-1
Removed Pin From Net: NetName=V1 Pin=U4-5
Removed Pin From Net: NetName=R_SW_Power Pin=U4-6
Removed Member From Class: ClassName=MCU Member=TP_PINT2
Change Component Comment : Designator=R9 Old Comment=1k New Comment=1k2
Change Component Comment : Designator=R11 Old Comment=2K New Comment=330R
Change Component Comment : Designator=R1 Old Comment=100k New Comment=10k
Added Pin To Net: NetName=TP_PINT1 Pin=Q1-1
Added Pin To Net: NetName=TP_PINT1 Pin=Q1-2
Added Pin To Net: NetName=TP_PINT1 Pin=Q1-3
Added Pin To Net: NetName=TP_PINT1 Pin=R4-1
Added Pin To Net: NetName=+5 Pin=R9-1
Added Pin To Net: NetName=R_SW_Power Pin=U4-5
Added Pin To Net: NetName=V1 Pin=U4-6
Change Net Name : Old Net Name=TP_PINT2 New Net Name=TP_SW
Added Member To Class: ClassName=MCU Member=Wire TP_SW
Added Room: Name=power
