Removed Pin From Net: NetName=NetC2_1 Pin=Q1-5
Removed Pin From Net: NetName=NetC2_1 Pin=Q1-6
Removed Pin From Net: NetName=NetC2_1 Pin=Q1-7
Removed Pin From Net: NetName=NetC2_1 Pin=Q1-8
Change Component Designator: OldDesignator=R1 NewDesignator=R2
Change Component Designator: OldDesignator=R2 NewDesignator=R3
Change Component Designator: OldDesignator=R3 NewDesignator=R4
Change Component Designator: OldDesignator=R4 NewDesignator=R5
Change Component Designator: OldDesignator=R5 NewDesignator=R6
Change Component Designator: OldDesignator=R6 NewDesignator=R7
Change Component Designator: OldDesignator=R7 NewDesignator=R8
Change Component Designator: OldDesignator=R8 NewDesignator=R9
Added Component: Designator=Q2(SOIC127P600X175-8N)
Add component (AddParameter): Name = "Availability"; Value = "Unavailable"; VariantName = "[No Variations]"
Add component (AddParameter): Name = "MF"; Value = "Alpha &"; VariantName = "[No Variations]"
Add component (AddParameter): Name = "MP"; Value = "AO4407A"; VariantName = "[No Variations]"
Add component (AddParameter): Name = "Package"; Value = "SOIC-8 Alpha &amp; Omega Semiconductor"; VariantName = "[No Variations]"
Add component (AddParameter): Name = "Price"; Value = "None"; VariantName = "[No Variations]"
Add component (AddParameter): Name = "SnapEDA_Link"; Value = "https://www.snapeda.com/parts/AO4407A/Alpha%20%26%20Omega%20Semiconductor%20Inc./view-part/492696/?ref=snap"; VariantName = "[No Variations]"
Add component (AddParameter): Name = "Value"; Value = ""; VariantName = "[No Variations]"
Added Component: Designator=R1(RES-SMD-0603)
Add component (AddParameter): Name = "Class"; Value = "Passive"; VariantName = "[No Variations]"
Add component (AddParameter): Name = "Manufacturer"; Value = "Generic Components"; VariantName = "[No Variations]"
Add component (AddParameter): Name = "Published"; Value = "08/06/2000"; VariantName = "[No Variations]"
Add component (AddParameter): Name = "Publisher"; Value = "Altium Hobart Technology Centre"; VariantName = "[No Variations]"
Added Component: Designator=Z1(ZMM5V6)
Add component (AddParameter): Name = "Arrow Part Number"; Value = ""; VariantName = "[No Variations]"
Add component (AddParameter): Name = "Arrow Price/Stock"; Value = ""; VariantName = "[No Variations]"
Add component (AddParameter): Name = "Datasheet Link"; Value = "https://4donline.ihs.com/images/VipMasterIC/IC/LITE/LITES00631/LITES00631-1.pdf?hkey=EF798316E3902B6ED9A73243A3159BB0"; VariantName = "[No Variations]"
Add component (AddParameter): Name = "Height"; Value = "1.6mm"; VariantName = "[No Variations]"
Add component (AddParameter): Name = "Manufacturer_Name"; Value = "Lite-On"; VariantName = "[No Variations]"
Add component (AddParameter): Name = "Manufacturer_Part_Number"; Value = "ZMM5V6"; VariantName = "[No Variations]"
Add component (AddParameter): Name = "Mouser Part Number"; Value = ""; VariantName = "[No Variations]"
Add component (AddParameter): Name = "Mouser Price/Stock"; Value = ""; VariantName = "[No Variations]"
Added Pin To Net: NetName=NetC2_1 Pin=Q2-1
Added Pin To Net: NetName=NetC2_1 Pin=Q2-2
Added Pin To Net: NetName=NetC2_1 Pin=Q2-3
Added Pin To Net: NetName=GND Pin=R1-2
Added Pin To Net: NetName=NetC2_1 Pin=Z1-1
Change Net Name : Old Net Name=NetR3_1 New Net Name=NetR4_1
Added Pin To Net: NetName=NetQ1_5 Pin=Q1-5
Added Pin To Net: NetName=NetQ1_5 Pin=Q1-6
Added Pin To Net: NetName=NetQ1_5 Pin=Q1-7
Added Pin To Net: NetName=NetQ1_5 Pin=Q1-8
Added Pin To Net: NetName=NetQ1_5 Pin=Q2-5
Added Pin To Net: NetName=NetQ1_5 Pin=Q2-6
Added Pin To Net: NetName=NetQ1_5 Pin=Q2-7
Added Pin To Net: NetName=NetQ1_5 Pin=Q2-8
Added Net: Name=NetQ1_5
Added Pin To Net: NetName=NetQ2_4 Pin=Q2-4
Added Pin To Net: NetName=NetQ2_4 Pin=R1-1
Added Pin To Net: NetName=NetQ2_4 Pin=Z1-2
Added Net: Name=NetQ2_4
Added Member To Class: ClassName=power Member=Component Q2 AO4407A
Added Member To Class: ClassName=power Member=Component R9 10k
Added Member To Class: ClassName=power Member=Component Z1 ZMM5V6
Added Room: Name=power
