Removed Pin From Net: NetName=V1 Pin=U4-1
Removed Pin From Net: NetName=Vref1 Pin=U4-2
Removed Pin From Net: NetName=+BAT Pin=U4-3
Removed Pin From Net: NetName=+5 Pin=U4-4
Removed Pin From Net: NetName=+BAT Pin=U4-5
Removed Pin From Net: NetName=Vref2 Pin=U4-6
Removed Pin From Net: NetName=V2 Pin=U4-7
Removed Pin From Net: NetName=V4 Pin=U4-8
Removed Pin From Net: NetName=Vref4 Pin=U4-9
Removed Pin From Net: NetName=+BAT Pin=U4-10
Removed Pin From Net: NetName=GND Pin=U4-11
Removed Pin From Net: NetName=+BAT Pin=U4-12
Removed Pin From Net: NetName=Vref3 Pin=U4-13
Removed Pin From Net: NetName=V3 Pin=U4-14
Change Component Designator: OldDesignator=Cx7 NewDesignator=Cx8
Change Component Designator: OldDesignator=U3 NewDesignator=U4
Added Component: Designator=U3(SOIC127P600X175-14N)
Add component (AddParameter): Name = "Arrow_Electronics-Purchase-URL"; Value = "https://snapeda.com/shop?store=Arrow+Electronics&id=1818"; VariantName = "[No Variations]"
Add component (AddParameter): Name = "Availability"; Value = "Good"; VariantName = "[No Variations]"
Add component (AddParameter): Name = "DigiKey-Purchase-URL"; Value = "https://snapeda.com/shop?store=DigiKey&id=1818"; VariantName = "[No Variations]"
Add component (AddParameter): Name = "MF"; Value = "Texas Instruments"; VariantName = "[No Variations]"
Add component (AddParameter): Name = "Mouser-Purchase-URL"; Value = "https://snapeda.com/shop?store=Mouser&id=1818"; VariantName = "[No Variations]"
Add component (AddParameter): Name = "MP"; Value = "LM324DR"; VariantName = "[No Variations]"
Add component (AddParameter): Name = "Package"; Value = "SOIC-14 Texas Instruments"; VariantName = "[No Variations]"
Add component (AddParameter): Name = "Price"; Value = "None"; VariantName = "[No Variations]"
Add component (AddParameter): Name = "SnapEDA_Link"; Value = "https://www.snapeda.com/parts/LM324DR/Texas%20Instruments/view-part/1818/?ref=snap"; VariantName = "[No Variations]"
Add component (AddParameter): Name = "Texas_Instruments-Purchase-URL"; Value = "https://snapeda.com/shop?store=Texas+Instruments&id=1818"; VariantName = "[No Variations]"
Add component (AddParameter): Name = "Value"; Value = ""; VariantName = "[No Variations]"
Added Pin To Net: NetName=V1 Pin=U3-1
Added Pin To Net: NetName=Vref1 Pin=U3-2
Added Pin To Net: NetName=+BAT Pin=U3-3
Added Pin To Net: NetName=+5 Pin=U3-4
Added Pin To Net: NetName=+BAT Pin=U3-5
Added Pin To Net: NetName=Vref2 Pin=U3-6
Added Pin To Net: NetName=V2 Pin=U3-7
Added Pin To Net: NetName=V3 Pin=U3-8
Added Pin To Net: NetName=Vref3 Pin=U3-9
Added Pin To Net: NetName=+BAT Pin=U3-10
Added Pin To Net: NetName=GND Pin=U3-11
Added Pin To Net: NetName=+BAT Pin=U3-12
Added Pin To Net: NetName=Vref4 Pin=U3-13
Added Pin To Net: NetName=V4 Pin=U3-14
Added Member To Class: ClassName=power Member=Component Cx8 22uf 10v
