Removed Pin From Net: NetName=+BAT Pin=C3-2
Removed Pin From Net: NetName=VCC Pin=IC1-2
Removed Pin From Net: NetName=NetIC1_5 Pin=IC1-5
Removed Pin From Net: NetName=GND Pin=IC1-6
Removed Pin From Net: NetName=read_SW_P Pin=IC1-7
Removed Pin From Net: NetName=+V_EX Pin=JDC1-1
Removed Pin From Net: NetName=Control_P Pin=Q1-4
Removed Pin From Net: NetName=Control_P Pin=R3-2
Removed Pin From Net: NetName=+V_EX Pin=R6-1
Removed Pin From Net: NetName=NetIC1_3 Pin=R6-2
Removed Pin From Net: NetName=+BOOT_IN Pin=R7-1
Removed Pin From Net: NetName=NetIC1_3 Pin=R8-1
Removed Pin From Net: NetName=GND Pin=R8-2
Removed Pin From Net: NetName=NetIC1_5 Pin=R9-1
Removed Pin From Net: NetName=GND Pin=R9-2
Removed Pin From Net: NetName=NetIC1_1 Pin=U4-1
Removed Pin From Net: NetName=+BAT Pin=U4-2
Removed Pin From Net: NetName=+BOOT_IN Pin=U4-3
Removed Member From Class: ClassName=power Member=U4
Change Component Comment : Designator=R9 Old Comment=10k New Comment=1k
Change Component Designator: OldDesignator=D1 NewDesignator=D3
Change Component Designator: OldDesignator=R3 NewDesignator=R4
Change Component Designator: OldDesignator=R4 NewDesignator=R3
Change Component Designator: OldDesignator=R5 NewDesignator=R6
Added Component: Designator=D1(SS34)
Add component (AddParameter): Name = "Code_JEDEC"; Value = "DO-214-AA"; VariantName = "[No Variations]"
Add component (AddParameter): Name = "LatestRevisionDate"; Value = "17-Jul-2002"; VariantName = "[No Variations]"
Add component (AddParameter): Name = "LatestRevisionNote"; Value = "Re-released for DXP Platform."; VariantName = "[No Variations]"
Add component (AddParameter): Name = "PackageDescription"; Value = "DO-214-AA/SMB; 2 C-Bend Leads; Body 5.3 x 3.6 mm, inc. leads (LxW)"; VariantName = "[No Variations]"
Add component (AddParameter): Name = "PackageReference"; Value = "SMB"; VariantName = "[No Variations]"
Add component (AddParameter): Name = "Published"; Value = "8-Jun-2000"; VariantName = "[No Variations]"
Add component (AddParameter): Name = "Publisher"; Value = "Altium Limited"; VariantName = "[No Variations]"
Added Component: Designator=D2(SS34)
Add component (AddParameter): Name = "Code_JEDEC"; Value = "DO-214-AA"; VariantName = "[No Variations]"
Add component (AddParameter): Name = "LatestRevisionDate"; Value = "17-Jul-2002"; VariantName = "[No Variations]"
Add component (AddParameter): Name = "LatestRevisionNote"; Value = "Re-released for DXP Platform."; VariantName = "[No Variations]"
Add component (AddParameter): Name = "PackageDescription"; Value = "DO-214-AA/SMB; 2 C-Bend Leads; Body 5.3 x 3.6 mm, inc. leads (LxW)"; VariantName = "[No Variations]"
Add component (AddParameter): Name = "PackageReference"; Value = "SMB"; VariantName = "[No Variations]"
Add component (AddParameter): Name = "Published"; Value = "8-Jun-2000"; VariantName = "[No Variations]"
Add component (AddParameter): Name = "Publisher"; Value = "Altium Limited"; VariantName = "[No Variations]"
Added Component: Designator=D4(SS34)
Add component (AddParameter): Name = "Code_JEDEC"; Value = "DO-214-AA"; VariantName = "[No Variations]"
Add component (AddParameter): Name = "LatestRevisionDate"; Value = "17-Jul-2002"; VariantName = "[No Variations]"
Add component (AddParameter): Name = "LatestRevisionNote"; Value = "Re-released for DXP Platform."; VariantName = "[No Variations]"
Add component (AddParameter): Name = "PackageDescription"; Value = "DO-214-AA/SMB; 2 C-Bend Leads; Body 5.3 x 3.6 mm, inc. leads (LxW)"; VariantName = "[No Variations]"
Add component (AddParameter): Name = "PackageReference"; Value = "SMB"; VariantName = "[No Variations]"
Add component (AddParameter): Name = "Published"; Value = "8-Jun-2000"; VariantName = "[No Variations]"
Add component (AddParameter): Name = "Publisher"; Value = "Altium Limited"; VariantName = "[No Variations]"
Added Component: Designator=J?(57874411)
Add component (AddParameter): Name = "Arrow Part Number"; Value = "5787441-1"; VariantName = "[No Variations]"
Add component (AddParameter): Name = "Arrow Price/Stock"; Value = "https://www.arrow.com/en/products/5787441-1/te-connectivity"; VariantName = "[No Variations]"
Add component (AddParameter): Name = "Datasheet Link"; Value = "https://www.te.com/commerce/DocumentDelivery/DDEController?Action=srchrtrv&DocNm=4-1773458-1_2_PIECE_POWER_CONNECTORS_QRG&DocType=Data+Sheet&DocLang=English&PartCntxt=5787441-1&DocFormat=pdf"; VariantName = "[No Variations]"
Add component (AddParameter): Name = "Height"; Value = "6.85mm"; VariantName = "[No Variations]"
Add component (AddParameter): Name = "Manufacturer_Name"; Value = "TE Connectivity"; VariantName = "[No Variations]"
Add component (AddParameter): Name = "Manufacturer_Part_Number"; Value = "5787441-1"; VariantName = "[No Variations]"
Add component (AddParameter): Name = "Mouser Part Number"; Value = "571-5787441-1"; VariantName = "[No Variations]"
Add component (AddParameter): Name = "Mouser Price/Stock"; Value = "https://www.mouser.co.uk/ProductDetail/TE-Connectivity/5787441-1?qs=pi7KRQrwuk%252BjWeZjng7KYA%3D%3D"; VariantName = "[No Variations]"
Added Component: Designator=Q3(SOT95P280X125-3N)
Add component (AddParameter): Name = "Availability"; Value = "Unavailable"; VariantName = "[No Variations]"
Add component (AddParameter): Name = "MF"; Value = "Alpha &"; VariantName = "[No Variations]"
Add component (AddParameter): Name = "MP"; Value = "AO3400A"; VariantName = "[No Variations]"
Add component (AddParameter): Name = "Package"; Value = "SOT-23 Alpha &amp; Omega Semiconductor"; VariantName = "[No Variations]"
Add component (AddParameter): Name = "Price"; Value = "None"; VariantName = "[No Variations]"
Add component (AddParameter): Name = "SnapEDA_Link"; Value = "https://www.snapeda.com/parts/AO3400A/Alpha%20%26%20Omega%20Semiconductor%20Inc./view-part/405248/?ref=snap"; VariantName = "[No Variations]"
Add component (AddParameter): Name = "Value"; Value = ""; VariantName = "[No Variations]"
Added Component: Designator=R5(RES-SMD-0603)
Add component (AddParameter): Name = "Class"; Value = "Passive"; VariantName = "[No Variations]"
Add component (AddParameter): Name = "Manufacturer"; Value = "Generic Components"; VariantName = "[No Variations]"
Add component (AddParameter): Name = "Published"; Value = "08/06/2000"; VariantName = "[No Variations]"
Add component (AddParameter): Name = "Publisher"; Value = "Altium Hobart Technology Centre"; VariantName = "[No Variations]"
Added Component: Designator=R10(RES-SMD-0603)
Add component (AddParameter): Name = "Class"; Value = "Passive"; VariantName = "[No Variations]"
Add component (AddParameter): Name = "Manufacturer"; Value = "Generic Components"; VariantName = "[No Variations]"
Add component (AddParameter): Name = "Published"; Value = "08/06/2000"; VariantName = "[No Variations]"
Add component (AddParameter): Name = "Publisher"; Value = "Altium Hobart Technology Centre"; VariantName = "[No Variations]"
Added Component: Designator=R11(RES-SMD-0603)
Add component (AddParameter): Name = "Class"; Value = "Passive"; VariantName = "[No Variations]"
Add component (AddParameter): Name = "Manufacturer"; Value = "Generic Components"; VariantName = "[No Variations]"
Add component (AddParameter): Name = "Published"; Value = "08/06/2000"; VariantName = "[No Variations]"
Add component (AddParameter): Name = "Publisher"; Value = "Altium Hobart Technology Centre"; VariantName = "[No Variations]"
Added Pin To Net: NetName=+BOOT_IN Pin=D1-1
Added Pin To Net: NetName=NetQ1_5 Pin=D1-2
Added Pin To Net: NetName=Control_P Pin=IC1-2
Added Pin To Net: NetName=read_SW_P Pin=Q1-4
Added Pin To Net: NetName=NetIC1_5 Pin=Q3-1
Added Pin To Net: NetName=GND Pin=Q3-2
Added Pin To Net: NetName=read_SW_P Pin=Q3-3
Added Pin To Net: NetName=read_SW_P Pin=R4-2
Added Pin To Net: NetName=NetIC1_5 Pin=R5-2
Added Pin To Net: NetName=GND Pin=R7-1
Added Pin To Net: NetName=+BOOT_IN Pin=R8-1
Added Pin To Net: NetName=NetIC1_3 Pin=R8-2
Added Pin To Net: NetName=VCC Pin=R9-1
Added Pin To Net: NetName=Control_P Pin=R9-2
Added Pin To Net: NetName=NetIC1_3 Pin=R10-1
Added Pin To Net: NetName=GND Pin=R10-2
Added Pin To Net: NetName=Control_P Pin=R11-1
Added Pin To Net: NetName=GND Pin=R11-2
Added Pin To Net: NetName=+BOOT_IN Pin=S1-2
Added Pin To Net: NetName=+BAT Pin=U3-11
Added Pin To Net: NetName=+V_EX Pin=U3-12
Change Net Name : Old Net Name=+BAT New Net Name=U_TX
Change Net Name : Old Net Name=+BOOT_IN New Net Name=NetD1_1
Change Net Name : Old Net Name=+V_EX New Net Name=U_RX
Change Net Name : Old Net Name=Control_P New Net Name=TP1
Change Net Name : Old Net Name=MOSI New Net Name=MOSI/SDA
Change Net Name : Old Net Name=NetD1_1 New Net Name=NetD3_1
Change Net Name : Old Net Name=NetIC1_1 New Net Name=R_SW_Power
Change Net Name : Old Net Name=NetIC1_5 New Net Name=NetQ3_1
Change Net Name : Old Net Name=NetQ1_5 New Net Name=NetD1_2
Change Net Name : Old Net Name=NetR4_1 New Net Name=NetR3_1
Change Net Name : Old Net Name=read_SW_P New Net Name=NetQ1_4
Change Net Name : Old Net Name=SCK New Net Name=SCK/SCL
Added Pin To Net: NetName=CRL_P Pin=R5-1
Added Net: Name=CRL_P
Added Pin To Net: NetName=NetC3_2 Pin=C3-2
Added Pin To Net: NetName=NetC3_2 Pin=D4-1
Added Net: Name=NetC3_2
Added Pin To Net: NetName=NetD2_1 Pin=D2-1
Added Pin To Net: NetName=NetD2_1 Pin=JDC1-1
Added Net: Name=NetD2_1
Added Pin To Net: NetName=NetD2_2 Pin=D2-2
Added Pin To Net: NetName=NetD2_2 Pin=D4-2
Added Pin To Net: NetName=NetD2_2 Pin=S1-1
Added Net: Name=NetD2_2
Added Member To Class: ClassName=power Member=Component D2 D Schottky
Added Member To Class: ClassName=power Member=Component D3 D Schottky
Added Member To Class: ClassName=power Member=Component D4 D Schottky
Added Member To Class: ClassName=power Member=Component J? 5787441-1
Added Member To Class: ClassName=power Member=Component Q3 AO3400A
Added Member To Class: ClassName=power Member=Component R1 100k
Added Member To Class: ClassName=power Member=Component R2 0R
Added Member To Class: ClassName=power Member=Component R3 62K
Added Member To Class: ClassName=power Member=Component R4 10k
Added Member To Class: ClassName=power Member=Component R5 220R
Added Member To Class: ClassName=power Member=Component R6 10k
Added Member To Class: ClassName=power Member=Component R7 10k
Added Member To Class: ClassName=power Member=Component R8 10k
Added Member To Class: ClassName=power Member=Component R10 10k
Added Member To Class: ClassName=power Member=Component R11 2K
Added Room: Name=power
