Removed Pin From Net: NetName=NetLabel735 Pin=U3-5
Removed Member From Class: ClassName=power Member=J2
Change Component Comment : Designator=R12 Old Comment=10k New Comment=4k7
Change Component Comment : Designator=R13 Old Comment=10k New Comment=4k7
Change Component Designator: OldDesignator=R12 NewDesignator=R14
Change Component Designator: OldDesignator=R13 NewDesignator=R15
Added Component: Designator=Cx7(CN-SMD-1206)
Add component (AddParameter): Name = "Value"; Value = "33pF"; VariantName = "[No Variations]"
Added Component: Designator=R12(RES-SMD-0603)
Add component (AddParameter): Name = "Class"; Value = "Passive"; VariantName = "[No Variations]"
Add component (AddParameter): Name = "Manufacturer"; Value = "Generic Components"; VariantName = "[No Variations]"
Add component (AddParameter): Name = "Published"; Value = "08/06/2000"; VariantName = "[No Variations]"
Add component (AddParameter): Name = "Publisher"; Value = "Altium Hobart Technology Centre"; VariantName = "[No Variations]"
Added Component: Designator=R13(RES-SMD-0603)
Add component (AddParameter): Name = "Class"; Value = "Passive"; VariantName = "[No Variations]"
Add component (AddParameter): Name = "Manufacturer"; Value = "Generic Components"; VariantName = "[No Variations]"
Add component (AddParameter): Name = "Published"; Value = "08/06/2000"; VariantName = "[No Variations]"
Add component (AddParameter): Name = "Publisher"; Value = "Altium Hobart Technology Centre"; VariantName = "[No Variations]"
Added Component: Designator=R16(RES-SMD-0603)
Add component (AddParameter): Name = "Class"; Value = "Passive"; VariantName = "[No Variations]"
Add component (AddParameter): Name = "Manufacturer"; Value = "Generic Components"; VariantName = "[No Variations]"
Add component (AddParameter): Name = "Published"; Value = "08/06/2000"; VariantName = "[No Variations]"
Add component (AddParameter): Name = "Publisher"; Value = "Altium Hobart Technology Centre"; VariantName = "[No Variations]"
Added Pin To Net: NetName=GND Pin=Cx7-2
Added Pin To Net: NetName=GND Pin=IC2-1
Added Pin To Net: NetName=NetLabel735 Pin=IC2-3
Added Pin To Net: NetName=GND Pin=IC2-4
Added Pin To Net: NetName=SCK/SCL Pin=IC2-7
Added Pin To Net: NetName=MOSI/SDA Pin=IC2-8
Added Pin To Net: NetName=GND Pin=IC2-9
Added Pin To Net: NetName=NetD4_1 Pin=R12-1
Added Pin To Net: NetName=VCC Pin=R13-1
Added Pin To Net: NetName=NetLabel735 Pin=R13-2
Added Pin To Net: NetName=VCC Pin=R16-2
Added Pin To Net: NetName=CRL_P Pin=U3-2
Added Pin To Net: NetName=R_SW_Power Pin=U3-6
Change Net Name : Old Net Name=NetD1_1 New Net Name=TP_PINT2
Change Net Name : Old Net Name=NetD1_2 New Net Name=TP_PINT3
Change Net Name : Old Net Name=NetD2_1 New Net Name=EX
Change Net Name : Old Net Name=NetD2_2 New Net Name=TP_PINT1
Change Net Name : Old Net Name=NetD4_1 New Net Name=+BAT
Change Net Name : Old Net Name=NetLabel735 New Net Name=NetIC2_3
Change Net Name : Old Net Name=NetR3_1 New Net Name=TP_FB
Added Pin To Net: NetName=ALRT Pin=IC2-5
Added Pin To Net: NetName=ALRT Pin=R16-1
Added Pin To Net: NetName=ALRT Pin=U3-5
Added Net: Name=ALRT
Added Pin To Net: NetName=NetCx7_1 Pin=Cx7-1
Added Pin To Net: NetName=NetCx7_1 Pin=IC2-2
Added Pin To Net: NetName=NetCx7_1 Pin=R12-2
Added Net: Name=NetCx7_1
Added Class: Name=9V
Added Class: Name=MCU
Added Class: Name=P_INPUT
Added Class: Name=TP_PINT
Added Class: Name=VCC
Added Member To Class: ClassName=power Member=Component Cx7 1uF 6.3V
Added Member To Class: ClassName=power Member=Component R14 4k7
Added Member To Class: ClassName=power Member=Component R15 4k7
Added Member To Class: ClassName=power Member=Component R16 4k7
Added Room: Name=power
