Removed Pin From Net: NetName=VCC Pin=Cx7-2
Removed Pin From Net: NetName=NetCx8_1 Pin=Cx8-1
Removed Pin From Net: NetName=GND Pin=Cx8-2
Removed Pin From Net: NetName=GND Pin=IC2-1
Removed Pin From Net: NetName=NetCx8_1 Pin=IC2-2
Removed Pin From Net: NetName=NetIC2_3 Pin=IC2-3
Removed Pin From Net: NetName=GND Pin=IC2-4
Removed Pin From Net: NetName=ALRT Pin=IC2-5
Removed Pin From Net: NetName=SCK/SCL Pin=IC2-7
Removed Pin From Net: NetName=MOSI/SDA Pin=IC2-8
Removed Pin From Net: NetName=GND Pin=IC2-9
Removed Pin From Net: NetName=+BAT Pin=R12-1
Removed Pin From Net: NetName=NetCx8_1 Pin=R12-2
Removed Pin From Net: NetName=VCC Pin=R13-1
Removed Pin From Net: NetName=NetIC2_3 Pin=R13-2
Removed Pin From Net: NetName=SCK/SCL Pin=R14-1
Removed Pin From Net: NetName=VCC Pin=R14-2
Removed Pin From Net: NetName=MOSI/SDA Pin=R15-1
Removed Pin From Net: NetName=VCC Pin=R15-2
Removed Pin From Net: NetName=ALRT Pin=R16-1
Removed Pin From Net: NetName=VCC Pin=R16-2
Removed Pin From Net: NetName=VCC Pin=U3-1
Removed Member From Class: ClassName=power Member=Cx8
Removed Member From Class: ClassName=power Member=IC2
Change Component Comment : Designator=R12 Old Comment=1K New Comment=220R
Change Component Comment : Designator=R14 Old Comment=4k7 New Comment=2k2
Change Component Comment : Designator=R15 Old Comment=4k7 New Comment=220R
Change Component Comment : Designator=R16 Old Comment=4k7 New Comment=570R
Change Component Comment : Designator=R13 Old Comment=150R New Comment=500R
Added Component: Designator=R17(RES-SMD-0603)
Add component (AddParameter): Name = "Class"; Value = "Passive"; VariantName = "[No Variations]"
Add component (AddParameter): Name = "Manufacturer"; Value = "Generic Components"; VariantName = "[No Variations]"
Add component (AddParameter): Name = "Published"; Value = "08/06/2000"; VariantName = "[No Variations]"
Add component (AddParameter): Name = "Publisher"; Value = "Altium Hobart Technology Centre"; VariantName = "[No Variations]"
Added Component: Designator=R18(RES-SMD-0603)
Add component (AddParameter): Name = "Class"; Value = "Passive"; VariantName = "[No Variations]"
Add component (AddParameter): Name = "Manufacturer"; Value = "Generic Components"; VariantName = "[No Variations]"
Add component (AddParameter): Name = "Published"; Value = "08/06/2000"; VariantName = "[No Variations]"
Add component (AddParameter): Name = "Publisher"; Value = "Altium Hobart Technology Centre"; VariantName = "[No Variations]"
Added Component: Designator=R19(RES-SMD-0603)
Add component (AddParameter): Name = "Class"; Value = "Passive"; VariantName = "[No Variations]"
Add component (AddParameter): Name = "Manufacturer"; Value = "Generic Components"; VariantName = "[No Variations]"
Add component (AddParameter): Name = "Published"; Value = "08/06/2000"; VariantName = "[No Variations]"
Add component (AddParameter): Name = "Publisher"; Value = "Altium Hobart Technology Centre"; VariantName = "[No Variations]"
Added Component: Designator=U4(SO14)
Add component (AddParameter): Name = "Amplifier Type"; Value = "J-FET"; VariantName = "[No Variations]"
Add component (AddParameter): Name = "Category"; Value = "Integrated Circuits (ICs)"; VariantName = "[No Variations]"
Add component (AddParameter): Name = "Current - Input Bias"; Value = "50pA"; VariantName = "[No Variations]"
Add component (AddParameter): Name = "Current - Output / Channel"; Value = "-"; VariantName = "[No Variations]"
Add component (AddParameter): Name = "Current - Supply"; Value = "8mA"; VariantName = "[No Variations]"
Add component (AddParameter): Name = "Gain Bandwidth Product"; Value = "3MHz"; VariantName = "[No Variations]"
Add component (AddParameter): Name = "Manufacturer"; Value = "Texas Instruments"; VariantName = "[No Variations]"
Add component (AddParameter): Name = "Manufacturer Part Number"; Value = "LF347BD"; VariantName = "[No Variations]"
Add component (AddParameter): Name = "Number of Circuits"; Value = "4"; VariantName = "[No Variations]"
Add component (AddParameter): Name = "Operating Temperature"; Value = "0°C ~ 70°C"; VariantName = "[No Variations]"
Add component (AddParameter): Name = "Output Type"; Value = "-"; VariantName = "[No Variations]"
Add component (AddParameter): Name = "Package / Case"; Value = "14-SOIC (3.9mm Width), 14-SOL"; VariantName = "[No Variations]"
Add component (AddParameter): Name = "Packaging"; Value = "Tube"; VariantName = "[No Variations]"
Add component (AddParameter): Name = "RoHS"; Value = "RoHS Compliant"; VariantName = "[No Variations]"
Add component (AddParameter): Name = "Slew Rate"; Value = "13 V/µs"; VariantName = "[No Variations]"
Add component (AddParameter): Name = "Supplier"; Value = "Digi-Key"; VariantName = "[No Variations]"
Add component (AddParameter): Name = "Supplier 1"; Value = "Digi-Key"; VariantName = "[No Variations]"
Add component (AddParameter): Name = "Supplier Part Number"; Value = "296-7136-5-ND"; VariantName = "[No Variations]"
Add component (AddParameter): Name = "Supplier Part Number 1"; Value = "296-7136-5-ND"; VariantName = "[No Variations]"
Add component (AddParameter): Name = "Text Field1"; Value = "pristel=Nsc\nsanopea\<parttype>.ckt"; VariantName = "[No Variations]"
Add component (AddParameter): Name = "Voltage - Input Offset"; Value = "3000µV"; VariantName = "[No Variations]"
Add component (AddParameter): Name = "Voltage - Supply, Single/Dual (±)"; Value = "7 V ~ 36 V, ±3.5 V ~ 18 V"; VariantName = "[No Variations]"
Added Pin To Net: NetName=+5 Pin=Cx7-2
Added Pin To Net: NetName=+5 Pin=R12-1
Added Pin To Net: NetName=+5 Pin=R13-1
Added Pin To Net: NetName=+5 Pin=R14-1
Added Pin To Net: NetName=NetIC2_3 Pin=R14-2
Added Pin To Net: NetName=+5 Pin=R15-1
Added Pin To Net: NetName=NetCx8_1 Pin=R15-2
Added Pin To Net: NetName=GND Pin=R16-2
Added Pin To Net: NetName=GND Pin=R17-2
Added Pin To Net: NetName=NetIC2_3 Pin=R18-1
Added Pin To Net: NetName=GND Pin=R18-2
Added Pin To Net: NetName=NetCx8_1 Pin=R19-1
Added Pin To Net: NetName=GND Pin=R19-2
Added Pin To Net: NetName=+5 Pin=U3-1
Added Pin To Net: NetName=+BAT Pin=U4-3
Added Pin To Net: NetName=+5 Pin=U4-4
Added Pin To Net: NetName=+BAT Pin=U4-5
Added Pin To Net: NetName=NetCx8_1 Pin=U4-9
Added Pin To Net: NetName=+BAT Pin=U4-10
Added Pin To Net: NetName=GND Pin=U4-11
Added Pin To Net: NetName=+BAT Pin=U4-12
Added Pin To Net: NetName=NetIC2_3 Pin=U4-13
Change Net Name : Old Net Name=NetCx8_1 New Net Name=Vref4
Change Net Name : Old Net Name=NetIC2_3 New Net Name=Vref3
Added Pin To Net: NetName=V1 Pin=U4-1
Added Net: Name=V1
Added Pin To Net: NetName=V2 Pin=U4-7
Added Net: Name=V2
Added Pin To Net: NetName=V3 Pin=U4-14
Added Net: Name=V3
Added Pin To Net: NetName=V4 Pin=U4-8
Added Net: Name=V4
Added Pin To Net: NetName=Vref1 Pin=R12-2
Added Pin To Net: NetName=Vref1 Pin=R16-1
Added Pin To Net: NetName=Vref1 Pin=U4-2
Added Net: Name=Vref1
Added Pin To Net: NetName=Vref2 Pin=R13-2
Added Pin To Net: NetName=Vref2 Pin=R17-1
Added Pin To Net: NetName=Vref2 Pin=U4-6
Added Net: Name=Vref2
Added Member To Class: ClassName=power Member=Component Cx1 104
Added Member To Class: ClassName=power Member=Component Cx5 22uf 10v
Added Member To Class: ClassName=power Member=Component Cx6 104
Added Member To Class: ClassName=power Member=Component Cx7 22uf 10v
Added Member To Class: ClassName=power Member=Component R17 1k5
Added Member To Class: ClassName=power Member=Component R18 7k5
Added Member To Class: ClassName=power Member=Component R19 1k
Added Member To Class: ClassName=power Member=Component U4 LF347
Added Room: Name=power
