Removed Pin From Net: NetName=GND Pin=C1-1
Removed Pin From Net: NetName=+5 Pin=C1-2
Removed Pin From Net: NetName=SERVO1 Pin=C1-3
Removed Pin From Net: NetName=GND Pin=C2-1
Removed Pin From Net: NetName=+5 Pin=C2-2
Removed Pin From Net: NetName=SeRVO2 Pin=C2-3
Removed Pin From Net: NetName=GND Pin=C3-1
Removed Pin From Net: NetName=+5 Pin=C3-2
Removed Pin From Net: NetName=SERVO3 Pin=C3-3
Removed Pin From Net: NetName=GND Pin=C4-1
Removed Pin From Net: NetName=+5 Pin=C4-2
Removed Pin From Net: NetName=SERVO4 Pin=C4-3
Removed Pin From Net: NetName=GND Pin=C5-1
Removed Pin From Net: NetName=+5 Pin=C5-2
Removed Pin From Net: NetName=SERVO9 Pin=C5-3
Removed Pin From Net: NetName=GND Pin=C6-1
Removed Pin From Net: NetName=+5 Pin=C6-2
Removed Pin From Net: NetName=SERVO10 Pin=C6-3
Removed Pin From Net: NetName=GND Pin=C7-1
Removed Pin From Net: NetName=+5 Pin=C7-2
Removed Pin From Net: NetName=SERVO11 Pin=C7-3
Removed Pin From Net: NetName=GND Pin=C8-1
Removed Pin From Net: NetName=+5 Pin=C8-2
Removed Pin From Net: NetName=SERVO12 Pin=C8-3
Removed Pin From Net: NetName=GND Pin=C9-1
Removed Pin From Net: NetName=+5 Pin=C9-2
Removed Pin From Net: NetName=SERVO5 Pin=C9-3
Removed Pin From Net: NetName=GND Pin=C10-1
Removed Pin From Net: NetName=+5 Pin=C10-2
Removed Pin From Net: NetName=SERVO6 Pin=C10-3
Removed Pin From Net: NetName=GND Pin=C11-1
Removed Pin From Net: NetName=+5 Pin=C11-2
Removed Pin From Net: NetName=SERVO7 Pin=C11-3
Removed Pin From Net: NetName=GND Pin=C12-1
Removed Pin From Net: NetName=+5 Pin=C12-2
Removed Pin From Net: NetName=SERVO8 Pin=C12-3
Removed Pin From Net: NetName=GND Pin=C13-1
Removed Pin From Net: NetName=+5 Pin=C13-2
Removed Pin From Net: NetName=SERVO13 Pin=C13-3
Removed Pin From Net: NetName=GND Pin=C14-1
Removed Pin From Net: NetName=+5 Pin=C14-2
Removed Pin From Net: NetName=SERVO14 Pin=C14-3
Removed Pin From Net: NetName=GND Pin=C15-1
Removed Pin From Net: NetName=+5 Pin=C15-2
Removed Pin From Net: NetName=SERVO15 Pin=C15-3
Removed Pin From Net: NetName=GND Pin=C16-1
Removed Pin From Net: NetName=+5 Pin=C16-2
Removed Pin From Net: NetName=SERVO16 Pin=C16-3
Removed Member From Class: ClassName=Sheet3 Member=C1
Removed Member From Class: ClassName=Sheet3 Member=C2
Removed Member From Class: ClassName=Sheet3 Member=C3
Removed Member From Class: ClassName=Sheet3 Member=C4
Removed Member From Class: ClassName=Sheet3 Member=C5
Removed Member From Class: ClassName=Sheet3 Member=C6
Removed Member From Class: ClassName=Sheet3 Member=C7
Removed Member From Class: ClassName=Sheet3 Member=C8
Removed Member From Class: ClassName=Sheet3 Member=C9
Removed Member From Class: ClassName=Sheet3 Member=C10
Removed Member From Class: ClassName=Sheet3 Member=C11
Removed Member From Class: ClassName=Sheet3 Member=C12
Removed Member From Class: ClassName=Sheet3 Member=C13
Removed Member From Class: ClassName=Sheet3 Member=C14
Removed Member From Class: ClassName=Sheet3 Member=C15
Removed Member From Class: ClassName=Sheet3 Member=C16
Added Component: Designator=J?(Molex_0_MFG)
Added Component: Designator=J?(Molex_0_MFG)
Added Component: Designator=J?(Molex_0_MFG)
Added Component: Designator=J?(Molex_0_MFG)
Added Pin To Net: NetName=GND Pin=J?-1
Added Pin To Net: NetName=GND Pin=J?-1
Added Pin To Net: NetName=GND Pin=J?-1
Added Pin To Net: NetName=GND Pin=J?-1
Added Pin To Net: NetName=+5 Pin=J?-2
Added Pin To Net: NetName=+5 Pin=J?-2
Added Pin To Net: NetName=+5 Pin=J?-2
Added Pin To Net: NetName=+5 Pin=J?-2
Added Pin To Net: NetName=SERVO1 Pin=J?-3
Added Pin To Net: NetName=SeRVO2 Pin=J?-3
Added Pin To Net: NetName=SERVO3 Pin=J?-3
Added Pin To Net: NetName=SERVO3 Pin=J?-3
Added Member To Class: ClassName=Sheet3 Member=Component J? 53261-0371
Added Member To Class: ClassName=Sheet3 Member=Component J? 53261-0371
Added Member To Class: ClassName=Sheet3 Member=Component J? 53261-0371
Added Member To Class: ClassName=Sheet3 Member=Component J? 53261-0371
Added Room: Name=Sheet2
Added Room: Name=Sheet3
