Added Component: Designator=Cx1(CN-SMD-0603)
Add component (AddParameter): Name = "Value"; Value = "33pF"; VariantName = "[No Variations]"
Added Component: Designator=Cx2(CN-SMD-0603)
Add component (AddParameter): Name = "Value"; Value = "33pF"; VariantName = "[No Variations]"
Added Component: Designator=Cx3(CN-SMD-0603)
Add component (AddParameter): Name = "Value"; Value = "33pF"; VariantName = "[No Variations]"
Added Component: Designator=Cx4(CN-SMD-0603)
Add component (AddParameter): Name = "Value"; Value = "33pF"; VariantName = "[No Variations]"
Added Component: Designator=R1(RES-SMD-0603)
Add component (AddParameter): Name = "Class"; Value = "Passive"; VariantName = "[No Variations]"
Add component (AddParameter): Name = "Manufacturer"; Value = "Generic Components"; VariantName = "[No Variations]"
Add component (AddParameter): Name = "Published"; Value = "08/06/2000"; VariantName = "[No Variations]"
Add component (AddParameter): Name = "Publisher"; Value = "Altium Hobart Technology Centre"; VariantName = "[No Variations]"
Added Component: Designator=R2(RES-SMD-0603)
Add component (AddParameter): Name = "Class"; Value = "Passive"; VariantName = "[No Variations]"
Add component (AddParameter): Name = "Manufacturer"; Value = "Generic Components"; VariantName = "[No Variations]"
Add component (AddParameter): Name = "Published"; Value = "08/06/2000"; VariantName = "[No Variations]"
Add component (AddParameter): Name = "Publisher"; Value = "Altium Hobart Technology Centre"; VariantName = "[No Variations]"
Added Component: Designator=R3(RES-SMD-0603)
Add component (AddParameter): Name = "Class"; Value = "Passive"; VariantName = "[No Variations]"
Add component (AddParameter): Name = "Manufacturer"; Value = "Generic Components"; VariantName = "[No Variations]"
Add component (AddParameter): Name = "Published"; Value = "08/06/2000"; VariantName = "[No Variations]"
Add component (AddParameter): Name = "Publisher"; Value = "Altium Hobart Technology Centre"; VariantName = "[No Variations]"
Added Component: Designator=R4(RES-SMD-0603)
Add component (AddParameter): Name = "Class"; Value = "Passive"; VariantName = "[No Variations]"
Add component (AddParameter): Name = "Manufacturer"; Value = "Generic Components"; VariantName = "[No Variations]"
Add component (AddParameter): Name = "Published"; Value = "08/06/2000"; VariantName = "[No Variations]"
Add component (AddParameter): Name = "Publisher"; Value = "Altium Hobart Technology Centre"; VariantName = "[No Variations]"
Added Component: Designator=SW1(SW2-SMD)
Add component (AddParameter): Name = "Value"; Value = "Button chip 4 pin"; VariantName = "[No Variations]"
Added Component: Designator=SW2(SW2-SMD)
Add component (AddParameter): Name = "Value"; Value = "Button chip 4 pin"; VariantName = "[No Variations]"
Added Component: Designator=SW3(SW2-SMD)
Add component (AddParameter): Name = "Value"; Value = "Button chip 4 pin"; VariantName = "[No Variations]"
Added Component: Designator=SW4(SW2-SMD)
Add component (AddParameter): Name = "Value"; Value = "Button chip 4 pin"; VariantName = "[No Variations]"
Added Pin To Net: NetName=GND Pin=Cx1-1
Added Pin To Net: NetName=GND Pin=Cx2-1
Added Pin To Net: NetName=GND Pin=Cx3-1
Added Pin To Net: NetName=GND Pin=Cx4-1
Added Pin To Net: NetName=LCD_RST Pin=J1-01
Added Pin To Net: NetName=LCD_CE Pin=J1-02
Added Pin To Net: NetName=LCD_DC Pin=J1-03
Added Pin To Net: NetName=LCD_DIN Pin=J1-04
Added Pin To Net: NetName=LCD_CLK Pin=J1-05
Added Pin To Net: NetName=VCC Pin=J1-06
Added Pin To Net: NetName=LCD_BL Pin=J1-07
Added Pin To Net: NetName=GND Pin=J1-08
Added Pin To Net: NetName=VCC Pin=R1-2
Added Pin To Net: NetName=VCC Pin=R2-2
Added Pin To Net: NetName=VCC Pin=R3-2
Added Pin To Net: NetName=VCC Pin=R4-2
Added Pin To Net: NetName=GND Pin=SW1-1
Added Pin To Net: NetName=GND Pin=SW1-4
Added Pin To Net: NetName=GND Pin=SW2-1
Added Pin To Net: NetName=GND Pin=SW2-4
Added Pin To Net: NetName=GND Pin=SW3-1
Added Pin To Net: NetName=GND Pin=SW3-4
Added Pin To Net: NetName=GND Pin=SW4-1
Added Pin To Net: NetName=GND Pin=SW4-4
Added Pin To Net: NetName=CANCEL Pin=Cx3-2
Added Pin To Net: NetName=CANCEL Pin=J1-10
Added Pin To Net: NetName=CANCEL Pin=R3-1
Added Pin To Net: NetName=CANCEL Pin=SW3-2
Added Pin To Net: NetName=CANCEL Pin=SW3-3
Added Net: Name=CANCEL
Added Pin To Net: NetName=DE Pin=Cx1-2
Added Pin To Net: NetName=DE Pin=J1-12
Added Pin To Net: NetName=DE Pin=R1-1
Added Pin To Net: NetName=DE Pin=SW1-2
Added Pin To Net: NetName=DE Pin=SW1-3
Added Net: Name=DE
Added Pin To Net: NetName=IND Pin=Cx4-2
Added Pin To Net: NetName=IND Pin=J1-11
Added Pin To Net: NetName=IND Pin=R4-1
Added Pin To Net: NetName=IND Pin=SW4-2
Added Pin To Net: NetName=IND Pin=SW4-3
Added Net: Name=IND
Added Pin To Net: NetName=OK Pin=Cx2-2
Added Pin To Net: NetName=OK Pin=J1-09
Added Pin To Net: NetName=OK Pin=R2-1
Added Pin To Net: NetName=OK Pin=SW2-2
Added Pin To Net: NetName=OK Pin=SW2-3
Added Net: Name=OK
Added Member To Class: ClassName=Sheet2 Member=Component Cx1 104
Added Member To Class: ClassName=Sheet2 Member=Component Cx2 104
Added Member To Class: ClassName=Sheet2 Member=Component Cx3 104
Added Member To Class: ClassName=Sheet2 Member=Component Cx4 104
Added Member To Class: ClassName=Sheet2 Member=Component R1 10k
Added Member To Class: ClassName=Sheet2 Member=Component R2 10k
Added Member To Class: ClassName=Sheet2 Member=Component R3 10k
Added Member To Class: ClassName=Sheet2 Member=Component R4 10k
Added Member To Class: ClassName=Sheet2 Member=Component SW1 SW
Added Member To Class: ClassName=Sheet2 Member=Component SW2 SW
Added Member To Class: ClassName=Sheet2 Member=Component SW3 SW
Added Member To Class: ClassName=Sheet2 Member=Component SW4 SW
Added Room: Name=Sheet2
