Removed Pin From Net: NetName=GND Pin=C8-1
Removed Pin From Net: NetName=GND Pin=C9-1
Removed Pin From Net: NetName=GND Pin=C10-1
Removed Pin From Net: NetName=GND Pin=C11-1
Removed Pin From Net: NetName=GND Pin=C12-1
Removed Pin From Net: NetName=GND Pin=C13-1
Removed Pin From Net: NetName=GND Pin=C14-1
Removed Pin From Net: NetName=GND Pin=C15-1
Removed Pin From Net: NetName=GND Pin=C16-1
Removed Pin From Net: NetName=GND Pin=C17-1
Removed Pin From Net: NetName=GND Pin=C18-1
Removed Pin From Net: NetName=GND Pin=C19-1
Removed Pin From Net: NetName=GND Pin=C20-1
Removed Pin From Net: NetName=GND Pin=C21-1
Removed Pin From Net: NetName=GND Pin=C22-1
Removed Pin From Net: NetName=GND Pin=C23-1
Removed Pin From Net: NetName=VCC Pin=R21-2
Removed Pin From Net: NetName=VCC Pin=R22-2
Removed Pin From Net: NetName=GND Pin=U6-1
Removed Pin From Net: NetName=GND Pin=U6-2
Removed Pin From Net: NetName=GND Pin=U6-3
Removed Pin From Net: NetName=GND Pin=U6-4
Removed Pin From Net: NetName=GND Pin=U6-5
Removed Pin From Net: NetName=GND Pin=U6-14
Removed Pin From Net: NetName=GND Pin=U6-23
Removed Pin From Net: NetName=GND Pin=U6-24
Removed Pin From Net: NetName=GND Pin=U6-25
Removed Pin From Net: NetName=VCC Pin=U6-28
Added Room: Name=Sheet2
