Removed Pin From Net: NetName=OK Pin=R2-1
Removed Pin From Net: NetName=GND Pin=SW1-1
Removed Pin From Net: NetName=DE Pin=SW1-2
Removed Pin From Net: NetName=DE Pin=SW1-3
Removed Pin From Net: NetName=GND Pin=SW1-4
Removed Pin From Net: NetName=OK Pin=SW2-2
Removed Pin From Net: NetName=OK Pin=SW2-3
Removed Pin From Net: NetName=GND Pin=SW2-4
Removed Pin From Net: NetName=CANCEL Pin=SW3-2
Removed Pin From Net: NetName=CANCEL Pin=SW3-3
Removed Pin From Net: NetName=GND Pin=SW3-4
Removed Pin From Net: NetName=IND Pin=SW4-2
Removed Pin From Net: NetName=IND Pin=SW4-3
Removed Pin From Net: NetName=GND Pin=SW4-4
Removed Member From Class: ClassName=Sheet2 Member=SW?
Change Component Footprint: Designator=SW2 Old Footprint=SW2-SMD New Footprint=BUTTON 2PIN TRON
Change Component Footprint: Designator=SW3 Old Footprint=SW2-SMD New Footprint=BUTTON 2PIN TRON
Change Component Footprint: Designator=SW4 Old Footprint=SW2-SMD New Footprint=BUTTON 2PIN TRON
Change Component Designator: OldDesignator=Cx? NewDesignator=Cx5
Change Component Designator: OldDesignator=R? NewDesignator=R7
Change Component Designator: OldDesignator=SW? NewDesignator=SW1
Change component parameters: Designator = "SW2" ("SW2"); Footprint = "SW2-SMD"; UniqueID = "\FUFSMWSS" ("\FUFSMWSS")
Change component parameters (AddParameter): Name = "Value"; Value = "SW chip 2 pin"; VariantName = "[No Variations]"
Change component parameters: Designator = "SW3" ("SW3"); Footprint = "SW2-SMD"; UniqueID = "\PXPROKLY" ("\PXPROKLY")
Change component parameters (AddParameter): Name = "Value"; Value = "SW chip 2 pin"; VariantName = "[No Variations]"
Change component parameters: Designator = "SW4" ("SW4"); Footprint = "SW2-SMD"; UniqueID = "\BCUXRLXZ" ("\BCUXRLXZ")
Change component parameters (AddParameter): Name = "Value"; Value = "SW chip 2 pin"; VariantName = "[No Variations]"
Added Component: Designator=SW5(BUTTON 2PIN TRON)
Add component (AddParameter): Name = "Value"; Value = "SW chip 2 pin"; VariantName = "[No Variations]"
Added Pin To Net: NetName=CANCEL Pin=SW2-2
Added Pin To Net: NetName=DE Pin=SW3-2
Added Pin To Net: NetName=GND Pin=SW5-1
Added Pin To Net: NetName=IND Pin=SW5-2
Added Pin To Net: NetName=NetR2_1 Pin=R2-1
Added Pin To Net: NetName=NetR2_1 Pin=SW4-2
Added Net: Name=NetR2_1
Added Member To Class: ClassName=Sheet2 Member=Component SW5 SW
Added Room: Name=Sheet2
Added Room: Name=Sheet3
