Removed Pin From Net: NetName=EN Pin=SW1-1
Removed Pin From Net: NetName=GND Pin=SW1-2
Removed Pin From Net: NetName=GND Pin=SW2-1
Removed Pin From Net: NetName=SW_CANCEL Pin=SW2-2
Removed Pin From Net: NetName=GND Pin=SW3-1
Removed Pin From Net: NetName=SW_DE Pin=SW3-2
Removed Pin From Net: NetName=GND Pin=SW4-1
Removed Pin From Net: NetName=NetR3_1 Pin=SW4-2
Removed Pin From Net: NetName=GND Pin=SW5-1
Removed Pin From Net: NetName=SW_IND Pin=SW5-2
Removed Member From Class: ClassName=Sheet3 Member=R1
Added Member To Class: ClassName=Sheet2 Member=Component Cx2 104
Added Member To Class: ClassName=Sheet2 Member=Component Cx3 104
Added Member To Class: ClassName=Sheet2 Member=Component Cx5 104
Added Member To Class: ClassName=Sheet2 Member=Component R2 10k
Added Member To Class: ClassName=Sheet2 Member=Component R3 10k
Added Member To Class: ClassName=Sheet2 Member=Component R4 10k
Added Member To Class: ClassName=Sheet3 Member=Component R6 4k7
Added Member To Class: ClassName=Sheet3 Member=Component R7 4k7
Added Member To Class: ClassName=BUTTON Member=Wire SW_CANCEL
Added Member To Class: ClassName=BUTTON Member=Wire SW_DE
Added Member To Class: ClassName=BUTTON Member=Wire SW_IND
Added Room: Name=Sheet2
Added Room: Name=Sheet3
