Added Component: Designator=Cx?(CN-SMD-0603)
Add component (AddParameter): Name = "Value"; Value = "33pF"; VariantName = "[No Variations]"
Added Component: Designator=R?(RES-SMD-0603)
Add component (AddParameter): Name = "Class"; Value = "Passive"; VariantName = "[No Variations]"
Add component (AddParameter): Name = "Manufacturer"; Value = "Generic Components"; VariantName = "[No Variations]"
Add component (AddParameter): Name = "Published"; Value = "08/06/2000"; VariantName = "[No Variations]"
Add component (AddParameter): Name = "Publisher"; Value = "Altium Hobart Technology Centre"; VariantName = "[No Variations]"
Added Component: Designator=SW?(SW1-SMD)
Add component (AddParameter): Name = "Value"; Value = "SW chip 2 pin"; VariantName = "[No Variations]"
Added Pin To Net: NetName=GND Pin=Cx?-1
Added Pin To Net: NetName=VCC Pin=R?-2
Added Pin To Net: NetName=GND Pin=SW?-2
Added Pin To Net: NetName=EN Pin=Cx?-2
Added Pin To Net: NetName=EN Pin=R?-1
Added Pin To Net: NetName=EN Pin=SW?-1
Added Net: Name=EN
Added Member To Class: ClassName=Sheet2 Member=Component Cx? 104
Added Member To Class: ClassName=Sheet2 Member=Component R? 10k
Added Member To Class: ClassName=Sheet2 Member=Component SW? SW
Added Room: Name=Sheet2
Added Room: Name=Sheet3
