Removed Pin From Net: NetName=GND Pin=C10-1
Removed Pin From Net: NetName=VCC Pin=C10-2
Removed Pin From Net: NetName=SD_CS Pin=J3-2
Removed Pin From Net: NetName=SD_MOSI Pin=J3-3
Removed Pin From Net: NetName=VCC Pin=J3-4
Removed Pin From Net: NetName=SD_CLK Pin=J3-5
Removed Pin From Net: NetName=GND Pin=J3-6
Removed Pin From Net: NetName=SPI_MISO Pin=J3-7
Removed Pin From Net: NetName=GND Pin=J3-9
Removed Pin From Net: NetName=GND Pin=J3-10
Removed Pin From Net: NetName=GND Pin=J3-11
Removed Pin From Net: NetName=GND Pin=J3-12
Removed Member From Class: ClassName=MCU Member=J3
Removed Member From Class: ClassName=MCU Member=NetJ2_P1
Change Component Designator: OldDesignator=C9 NewDesignator=C10
Change Component Designator: OldDesignator=J4 NewDesignator=J3
Change Component Designator: OldDesignator=J5 NewDesignator=J4
Added Component: Designator=C9(CN-SMD-1206)
Add component (AddParameter): Name = "Value"; Value = "103"; VariantName = "[No Variations]"
Added Pin To Net: NetName=GND Pin=C9-1
Added Pin To Net: NetName=VCC Pin=C9-2
Added Pin To Net: NetName=SD_CS Pin=J2-2
Added Pin To Net: NetName=SD_MOSI Pin=J2-3
Added Pin To Net: NetName=VCC Pin=J2-4
Added Pin To Net: NetName=SD_CLK Pin=J2-5
Added Pin To Net: NetName=GND Pin=J2-6
Added Pin To Net: NetName=SPI_MISO Pin=J2-7
Added Pin To Net: NetName=GND Pin=J2-P1
Added Pin To Net: NetName=GND Pin=J2-P2
Added Pin To Net: NetName=GND Pin=J2-P3
Added Pin To Net: NetName=GND Pin=J2-P4
Added Room: Name=LED
Added Room: Name=MCU
Added Room: Name=Motor
Added Room: Name=Power
