Removed Pin From Net: NetName=NetC2_1 Pin=C2-1
Removed Pin From Net: NetName=GND Pin=C2-2
Removed Pin From Net: NetName=GND Pin=C3-1
Removed Pin From Net: NetName=NetC3_2 Pin=C3-2
Removed Pin From Net: NetName=NetC3_2 Pin=C5-1
Removed Pin From Net: NetName=GND Pin=C5-2
Removed Pin From Net: NetName=NetL1_1 Pin=L1-1
Removed Pin From Net: NetName=NetL1_1 Pin=L1-2
Removed Pin From Net: NetName=NetC2_1 Pin=L1-3
Removed Pin From Net: NetName=NetC2_1 Pin=L1-4
Removed Pin From Net: NetName=+9 Pin=R3-1
Removed Pin From Net: NetName=+Vfb Pin=R5-2
Removed Pin From Net: NetName=+Vfb Pin=R6-1
Removed Pin From Net: NetName=GND Pin=R6-2
Removed Pin From Net: NetName=GND Pin=SS1-1
Removed Pin From Net: NetName=NetL1_1 Pin=SS1-2
Removed Pin From Net: NetName=NetC3_2 Pin=U1-1
Removed Pin From Net: NetName=NetL1_1 Pin=U1-2
Removed Pin From Net: NetName=GND Pin=U1-3
Removed Pin From Net: NetName=+Vfb Pin=U1-4
Removed Pin From Net: NetName=GND Pin=U1-5
Removed Pin From Net: NetName=NetC3_2 Pin=U3-3
Removed Member From Class: ClassName=Power Member=C7
Removed Member From Class: ClassName=Power Member=R17
Removed Member From Class: ClassName=MCU Member=R36
Removed Member From Class: ClassName=Power Member=SS1
Removed Member From Class: ClassName=Power Member=U7
Removed Member From Class: ClassName=POWER Member=+Vfb
Removed Member From Class: ClassName=POWER Member=NetC2_1
Removed Member From Class: ClassName=POWER Member=NetC3_2
Removed Member From Class: ClassName=S_Power Member=NetCx2_2
Removed Member From Class: ClassName=LED Member=NetD4_4
Removed Member From Class: ClassName=POWER Member=NetL1_1
Removed Member From Class: ClassName=POWER Member=NetR4_2
Removed Member From Class: ClassName=POWER Member=NetR8_2
Removed Member From Class: ClassName=S_Power Member=NetR15_2
Removed Member From Class: ClassName=MCU Member=NetR18_1
Change Component Footprint: Designator=L1 Old Footprint=L-SMD-D-12.5x12.5 New Footprint=SMD Inductors CD54
Change Component Footprint: Designator=R8 Old Footprint=RES-SMD-0603 New Footprint=RES-SMD-0805
Change Component Comment : Designator=C3 Old Comment=104 New Comment=470uF/16V
Change Component Comment : Designator=L1 Old Comment=200uH New Comment=68uH 2A
Change Component Comment : Designator=R5 Old Comment=330 New Comment=0R
Change Component Comment : Designator=R4 Old Comment=330 New Comment=1.5K
Change Component Comment : Designator=R3 Old Comment=330 New Comment=240R
Change Component Designator: OldDesignator=C4 NewDesignator=C2
Change Component Designator: OldDesignator=C6 NewDesignator=C5
Change Component Designator: OldDesignator=C7 NewDesignator=C6
Change Component Designator: OldDesignator=C8 NewDesignator=C7
Change Component Designator: OldDesignator=C9 NewDesignator=C8
Change Component Designator: OldDesignator=C10 NewDesignator=C9
Change Component Designator: OldDesignator=C11 NewDesignator=C10
Change Component Designator: OldDesignator=C12 NewDesignator=C11
Change Component Designator: OldDesignator=C13 NewDesignator=C12
Change Component Designator: OldDesignator=C14 NewDesignator=C13
Change Component Designator: OldDesignator=C15 NewDesignator=C14
Change Component Designator: OldDesignator=C16 NewDesignator=C15
Change Component Designator: OldDesignator=C17 NewDesignator=C16
Change Component Designator: OldDesignator=C18 NewDesignator=C17
Change Component Designator: OldDesignator=Cx1 NewDesignator=Cx4
Change Component Designator: OldDesignator=Cx2 NewDesignator=Cx5
Change Component Designator: OldDesignator=Cx3 NewDesignator=Cx6
Change Component Designator: OldDesignator=Cx4 NewDesignator=Cx7
Change Component Designator: OldDesignator=Cx5 NewDesignator=Cx8
Change Component Designator: OldDesignator=Cx6 NewDesignator=Cx9
Change Component Designator: OldDesignator=Cx7 NewDesignator=Cx10
Change Component Designator: OldDesignator=Cx8 NewDesignator=Cx11
Change Component Designator: OldDesignator=Cx9 NewDesignator=Cx12
Change Component Designator: OldDesignator=Cx10 NewDesignator=Cx13
Change Component Designator: OldDesignator=D1 NewDesignator=D2
Change Component Designator: OldDesignator=D2 NewDesignator=D3
Change Component Designator: OldDesignator=D3 NewDesignator=D4
Change Component Designator: OldDesignator=D4 NewDesignator=D5
Change Component Designator: OldDesignator=D5 NewDesignator=D6
Change Component Designator: OldDesignator=D6 NewDesignator=D7
Change Component Designator: OldDesignator=D7 NewDesignator=D8
Change Component Designator: OldDesignator=D8 NewDesignator=D9
Change Component Designator: OldDesignator=J1 NewDesignator=J2
Change Component Designator: OldDesignator=J2 NewDesignator=J3
Change Component Designator: OldDesignator=J3 NewDesignator=J4
Change Component Designator: OldDesignator=R7 NewDesignator=R6
Change Component Designator: OldDesignator=R8 NewDesignator=R7
Change Component Designator: OldDesignator=R9 NewDesignator=R8
Change Component Designator: OldDesignator=R10 NewDesignator=R9
Change Component Designator: OldDesignator=R11 NewDesignator=R10
Change Component Designator: OldDesignator=R12 NewDesignator=R11
Change Component Designator: OldDesignator=R13 NewDesignator=R12
Change Component Designator: OldDesignator=R14 NewDesignator=R13
Change Component Designator: OldDesignator=R15 NewDesignator=R14
Change Component Designator: OldDesignator=R16 NewDesignator=R15
Change Component Designator: OldDesignator=R17 NewDesignator=R16
Change Component Designator: OldDesignator=R18 NewDesignator=R17
Change Component Designator: OldDesignator=R19 NewDesignator=R18
Change Component Designator: OldDesignator=R20 NewDesignator=R19
Change Component Designator: OldDesignator=R21 NewDesignator=R22
Change Component Designator: OldDesignator=R22 NewDesignator=R20
Change Component Designator: OldDesignator=R23 NewDesignator=R21
Change Component Designator: OldDesignator=R24 NewDesignator=R23
Change Component Designator: OldDesignator=R25 NewDesignator=R24
Change Component Designator: OldDesignator=R26 NewDesignator=R25
Change Component Designator: OldDesignator=R27 NewDesignator=R26
Change Component Designator: OldDesignator=R28 NewDesignator=R27
Change Component Designator: OldDesignator=R29 NewDesignator=R28
Change Component Designator: OldDesignator=R30 NewDesignator=R29
Change Component Designator: OldDesignator=R31 NewDesignator=R30
Change Component Designator: OldDesignator=R32 NewDesignator=R31
Change Component Designator: OldDesignator=R33 NewDesignator=R32
Change Component Designator: OldDesignator=R34 NewDesignator=R33
Change Component Designator: OldDesignator=R35 NewDesignator=R34
Change Component Designator: OldDesignator=R36 NewDesignator=R35
Change Component Designator: OldDesignator=R37 NewDesignator=R36
Change Component Designator: OldDesignator=R38 NewDesignator=R37
Change Component Designator: OldDesignator=R39 NewDesignator=R38
Change Component Designator: OldDesignator=U2 NewDesignator=U1
Change Component Designator: OldDesignator=U3 NewDesignator=U2
Change Component Designator: OldDesignator=U4 NewDesignator=U3
Change Component Designator: OldDesignator=U5 NewDesignator=U4
Change Component Designator: OldDesignator=U6 NewDesignator=U5
Change Component Designator: OldDesignator=U7 NewDesignator=U6
Change Component Designator: OldDesignator=U8 NewDesignator=U7
Change Component Designator: OldDesignator=U9 NewDesignator=U8
Change Component Designator: OldDesignator=U10 NewDesignator=U9
Change Component Designator: OldDesignator=U11 NewDesignator=U10
Change Component Designator: OldDesignator=U12 NewDesignator=U11
Change Component Designator: OldDesignator=U13 NewDesignator=U12
Change Component Designator: OldDesignator=U14 NewDesignator=U13
Change component parameters: Designator = "R3" ("R3"); Footprint = "RES-SMD-0805"; UniqueID = "\YFOIZQWP" ("\YFOIZQWP")
Change component parameters (AddParameter): Name = "Class"; Value = "Passive"; VariantName = "[No Variations]"
Change component parameters (AddParameter): Name = "Manufacturer"; Value = "Generic Components"; VariantName = "[No Variations]"
Change component parameters (AddParameter): Name = "Published"; Value = "08/06/2000"; VariantName = "[No Variations]"
Change component parameters (AddParameter): Name = "Publisher"; Value = "Altium Hobart Technology Centre"; VariantName = "[No Variations]"
Change component parameters: Designator = "R4" ("R4"); Footprint = "RES-SMD-0805"; UniqueID = "\TSAFZRFW" ("\TSAFZRFW")
Change component parameters (AddParameter): Name = "Class"; Value = "Passive"; VariantName = "[No Variations]"
Change component parameters (AddParameter): Name = "Manufacturer"; Value = "Generic Components"; VariantName = "[No Variations]"
Change component parameters (AddParameter): Name = "Published"; Value = "08/06/2000"; VariantName = "[No Variations]"
Change component parameters (AddParameter): Name = "Publisher"; Value = "Altium Hobart Technology Centre"; VariantName = "[No Variations]"
Change component parameters: Designator = "R5" ("R5"); Footprint = "RES-SMD-0805"; UniqueID = "\IDTFIYCY" ("\IDTFIYCY")
Change component parameters (AddParameter): Name = "Class"; Value = "Passive"; VariantName = "[No Variations]"
Change component parameters (AddParameter): Name = "Manufacturer"; Value = "Generic Components"; VariantName = "[No Variations]"
Change component parameters (AddParameter): Name = "Published"; Value = "08/06/2000"; VariantName = "[No Variations]"
Change component parameters (AddParameter): Name = "Publisher"; Value = "Altium Hobart Technology Centre"; VariantName = "[No Variations]"
Change component parameters: Designator = "C3" ("C3"); Footprint = "C-0805"; UniqueID = "\QDYBCOZQ" ("\QDYBCOZQ")
Change component parameters (AddParameter): Name = "LatestRevisionDate"; Value = "17-Jul-2002"; VariantName = "[No Variations]"
Change component parameters (AddParameter): Name = "LatestRevisionNote"; Value = "Re-released for DXP Platform."; VariantName = "[No Variations]"
Change component parameters (AddParameter): Name = "PackageReference"; Value = "POLAR0.8"; VariantName = "[No Variations]"
Change component parameters (AddParameter): Name = "Published"; Value = "8-Jun-2000"; VariantName = "[No Variations]"
Change component parameters (AddParameter): Name = "Publisher"; Value = "Altium Limited"; VariantName = "[No Variations]"
Change component parameters: Designator = "L1" ("L1"); Footprint = "L-SMD-D-12.5x12.5"; UniqueID = "\MTMUOOUO" ("\MTMUOOUO")
Change component parameters (AddParameter): Name = "Value"; Value = "150 mH"; VariantName = "[No Variations]"
Added Component: Designator=Cx1(CN-SMD-0603)
Add component (AddParameter): Name = "Value"; Value = "33pF"; VariantName = "[No Variations]"
Added Component: Designator=Cx2(CN-SMD-0603)
Add component (AddParameter): Name = "Value"; Value = "33pF"; VariantName = "[No Variations]"
Added Component: Designator=Cx3(CN-SMD-0603)
Add component (AddParameter): Name = "Value"; Value = "33pF"; VariantName = "[No Variations]"
Added Component: Designator=D1(DIOM5336X265N)
Add component (AddParameter): Name = "Arrow_Electronics-Purchase-URL"; Value = "https://snapeda.com/shop?store=Arrow+Electronics&id=1080652"; VariantName = "[No Variations]"
Add component (AddParameter): Name = "Arrow_Purchase_URL"; Value = ""; VariantName = "[No Variations]"
Add component (AddParameter): Name = "MF"; Value = "TE Connectivity / Alcoswitch"; VariantName = "[No Variations]"
Add component (AddParameter): Name = "Mouser-Purchase-URL"; Value = "https://snapeda.com/shop?store=Mouser&id=1080652"; VariantName = "[No Variations]"
Add component (AddParameter): Name = "MP"; Value = "SS24"; VariantName = "[No Variations]"
Add component (AddParameter): Name = "Package"; Value = "DO-214AA-214 TE Connectivity / Alcoswitch"; VariantName = "[No Variations]"
Add component (AddParameter): Name = "SnapEDA_Link"; Value = "https://www.snapeda.com/parts/SS24/TE%20Connectivity%20/%20Alcoswitch/view-part/1080652/?ref=snap"; VariantName = "[No Variations]"
Add component (AddParameter): Name = "Value"; Value = ""; VariantName = "[No Variations]"
Added Component: Designator=J1(SO08)
Add component (AddParameter): Name = "Availability"; Value = "Good"; VariantName = "[No Variations]"
Add component (AddParameter): Name = "Check_prices"; Value = "https://www.snapeda.com/parts/AP1509-50SG-13/Diodes%20Inc./view-part/1039892/?ref=eda"; VariantName = "[No Variations]"
Add component (AddParameter): Name = "MF"; Value = "Diodes Inc."; VariantName = "[No Variations]"
Add component (AddParameter): Name = "MP"; Value = "AP1509-50SG-13"; VariantName = "[No Variations]"
Add component (AddParameter): Name = "Package"; Value = "SOP-8 Diodes Inc."; VariantName = "[No Variations]"
Add component (AddParameter): Name = "Price"; Value = "None"; VariantName = "[No Variations]"
Add component (AddParameter): Name = "Purchase-URL"; Value = "https://pricing.snapeda.com/search/part/AP1509-50SG-13/?ref=eda"; VariantName = "[No Variations]"
Add component (AddParameter): Name = "SnapEDA_Link"; Value = "https://www.snapeda.com/parts/AP1509-50SG-13/Diodes%20Inc./view-part/1039892/?ref=snap"; VariantName = "[No Variations]"
Add component (AddParameter): Name = "Value"; Value = ""; VariantName = "[No Variations]"
Added Pin To Net: NetName=NetL1_1 Pin=C3-1
Added Pin To Net: NetName=GND Pin=C3-2
Added Pin To Net: NetName=NetC3_2 Pin=Cx1-1
Added Pin To Net: NetName=NetC2_1 Pin=Cx1-2
Added Pin To Net: NetName=GND Pin=Cx2-1
Added Pin To Net: NetName=NetC3_2 Pin=Cx2-2
Added Pin To Net: NetName=GND Pin=Cx3-1
Added Pin To Net: NetName=NetL1_1 Pin=Cx3-2
Added Pin To Net: NetName=GND Pin=D1-A
Added Pin To Net: NetName=+Vfb Pin=D1-C
Added Pin To Net: NetName=NetL1_1 Pin=J1-1
Added Pin To Net: NetName=+Vfb Pin=J1-2
Added Pin To Net: NetName=NetC2_1 Pin=J1-3
Added Pin To Net: NetName=GND Pin=J1-5
Added Pin To Net: NetName=GND Pin=J1-6
Added Pin To Net: NetName=GND Pin=J1-7
Added Pin To Net: NetName=GND Pin=J1-8
Added Pin To Net: NetName=+Vfb Pin=L1-1
Added Pin To Net: NetName=NetC3_2 Pin=L1-2
Added Pin To Net: NetName=GND Pin=R3-1
Added Pin To Net: NetName=NetC3_2 Pin=R4-2
Added Pin To Net: NetName=NetC3_2 Pin=R5-1
Added Pin To Net: NetName=+9 Pin=R5-2
Added Pin To Net: NetName=NetL1_1 Pin=U2-3
Change Net Name : Old Net Name=+Vfb New Net Name=NetD1_C
Change Net Name : Old Net Name=NetC2_1 New Net Name=NetCx1_2
Change Net Name : Old Net Name=NetC3_2 New Net Name=NetC4_1
Change Net Name : Old Net Name=NetCx2_2 New Net Name=NetCx5_2
Change Net Name : Old Net Name=NetD4_4 New Net Name=NetD5_4
Change Net Name : Old Net Name=NetL1_1 New Net Name=NetC3_1
Change Net Name : Old Net Name=NetR8_2 New Net Name=NetR7_2
Change Net Name : Old Net Name=NetR15_2 New Net Name=NetR14_2
Change Net Name : Old Net Name=NetR18_1 New Net Name=NetR17_1
Added Member To Class: ClassName=Power Member=Component Cx4 104
Added Member To Class: ClassName=Power Member=Component Cx5 100nF
Added Member To Class: ClassName=Power Member=Component Cx6 104
Added Member To Class: ClassName=Power Member=Component D1 SS34
Added Member To Class: ClassName=Power Member=Component J1 XL1509_5V
Added Member To Class: ClassName=MCU Member=Component R22 4k7
Added Member To Class: ClassName=POWER Member=Wire NetC3_1
Added Member To Class: ClassName=POWER Member=Wire NetC4_1
Added Member To Class: ClassName=POWER Member=Wire NetCx1_2
Added Member To Class: ClassName=S_Power Member=Wire NetCx5_2
Added Member To Class: ClassName=POWER Member=Wire NetD1_C
Added Member To Class: ClassName=LED Member=Wire NetD5_4
Added Member To Class: ClassName=POWER Member=Wire NetR7_2
Added Member To Class: ClassName=S_Power Member=Wire NetR14_2
Added Member To Class: ClassName=MCU Member=Wire NetR17_1
Added Room: Name=LED
Added Room: Name=MCU
Added Room: Name=Motor
Added Room: Name=Power
