Removed Member From Class: ClassName=MCU Member=J5
Removed Member From Class: ClassName=MCU Member=R11
Removed Member From Class: ClassName=MCU Member=R12
Removed Member From Class: ClassName=MCU Member=R13
Removed Member From Class: ClassName=Motor Member=R30
Added Member To Class: ClassName=Power Member=Component C6 22uF 16V
Added Member To Class: ClassName=MCU Member=Component J2 DM3AT-SF-PEJM5
Added Member To Class: ClassName=Motor Member=Component J4 1735446-6
Added Member To Class: ClassName=MCU Member=Component Q2 MMSS8050-H-TP
Added Member To Class: ClassName=MCU Member=Component Q3 MSS8050-H-TP
Added Member To Class: ClassName=Power Member=Component R8 10k
Added Member To Class: ClassName=Power Member=Component R9 10k
Added Member To Class: ClassName=Power Member=Component R10 100k
Added Member To Class: ClassName=MCU Member=Component R14 4k7
Added Member To Class: ClassName=MCU Member=Component R15 4k7
Added Member To Class: ClassName=MCU Member=Component R16 4k7
Added Member To Class: ClassName=MCU Member=Component R21 10k
Added Member To Class: ClassName=MCU Member=Component R23 10k
Added Member To Class: ClassName=MCU Member=Component R25 10k
Added Member To Class: ClassName=MCU Member=Component R27 1k
Added Member To Class: ClassName=MCU Member=Component R29 10k
Added Member To Class: ClassName=MCU Member=Component R31 470
Added Member To Class: ClassName=Motor Member=Component R33 4k7
Added Member To Class: ClassName=MCU Member=Component U5 TCA9548APWR
Added Member To Class: ClassName=MCU Member=Component U6 74HC4050D,653
Added Member To Class: ClassName=Motor Member=Wire +9
Added Member To Class: ClassName=POWER Member=Wire +9
Added Room: Name=LED
Added Room: Name=MCU
Added Room: Name=Motor
Added Room: Name=Power
