Removed Member From Class: ClassName=Power Member=Q4
Removed Member From Class: ClassName=Power Member=Q5
Removed Member From Class: ClassName=Power Member=R18
Removed Member From Class: ClassName=Power Member=R19
Removed Member From Class: ClassName=MCU Member=R35
Removed Member From Class: ClassName=MCU Member=R36
Removed Member From Class: ClassName=Motor Member=R36
Removed Member From Class: ClassName=Motor Member=U8
Removed Member From Class: ClassName=POWER Member=NetC8_1
Removed Member From Class: ClassName=S_Power Member=NetC8_1
Added Component: Designator=BZT?(DIO-SMD-123)
Add component (AddParameter): Name = "Code - JEDEC"; Value = "DO-214-AB"; VariantName = "[No Variations]"
Add component (AddParameter): Name = "Published"; Value = "8-Jun-2000"; VariantName = "[No Variations]"
Add component (AddParameter): Name = "Publisher"; Value = "Altium Limited"; VariantName = "[No Variations]"
Add component (AddParameter): Name = "Revision"; Value = "July-2002: Re-released for DXP Platform."; VariantName = "[No Variations]"
Add component (AddParameter): Name = "Value"; Value = "1N5007"; VariantName = "[No Variations]"
Added Pin To Net: NetName=GND Pin=BZT?-1
Added Pin To Net: NetName=NetC8_1 Pin=BZT?-2
Change Net Name : Old Net Name=NetC8_1 New Net Name=NetBZT?_2
Added Member To Class: ClassName=Power Member=Component BZT? Diode SMD
Added Member To Class: ClassName=Power Member=Component Q2 SI2308CDS-T1-GE3
Added Member To Class: ClassName=Power Member=Component Q3 2SC1815
Added Member To Class: ClassName=Power Member=Component R1 240R
Added Member To Class: ClassName=Power Member=Component R4 0R
Added Member To Class: ClassName=Power Member=Component R5 330
Added Member To Class: ClassName=Power Member=Component R10 10k
Added Member To Class: ClassName=Power Member=Component R12 33k
Added Member To Class: ClassName=Power Member=Component R13 1k
Added Member To Class: ClassName=Power Member=Component R14 1k
Added Member To Class: ClassName=MCU Member=Component R16 4k7
Added Member To Class: ClassName=MCU Member=Component R17 4k7
Added Member To Class: ClassName=MCU Member=Component R20 4k7
Added Member To Class: ClassName=MCU Member=Component R21 4k7
Added Member To Class: ClassName=MCU Member=Component R22 4k7
Added Member To Class: ClassName=MCU Member=Component R23 10k
Added Member To Class: ClassName=MCU Member=Component R24 10k
Added Member To Class: ClassName=MCU Member=Component R25 10k
Added Member To Class: ClassName=MCU Member=Component R26 10k
Added Member To Class: ClassName=MCU Member=Component R27 10k
Added Member To Class: ClassName=MCU Member=Component R28 10k
Added Member To Class: ClassName=MCU Member=Component R29 1k
Added Member To Class: ClassName=MCU Member=Component R31 10k
Added Member To Class: ClassName=MCU Member=Component R32 470
Added Member To Class: ClassName=MCU Member=Component R33 470
Added Member To Class: ClassName=Motor Member=Component R34 4k7
Added Member To Class: ClassName=MCU Member=Component U6 PCF8574
Added Member To Class: ClassName=Motor Member=Component U9 TB6612FNG,C,8,EL
Added Member To Class: ClassName=POWER Member=Wire NetBZT?_2
Added Member To Class: ClassName=S_Power Member=Wire NetBZT?_2
Added Room: Name=LED
Added Room: Name=MCU
Added Room: Name=Motor
Added Room: Name=Power
