Removed Member From Class: ClassName=MCU Member=C6
Removed Member From Class: ClassName=LED Member=C16
Removed Member From Class: ClassName=Power Member=Cx10
Removed Member From Class: ClassName=MCU Member=Cx11
Removed Member From Class: ClassName=Power Member=Cx11
Removed Member From Class: ClassName=MCU Member=Cx12
Removed Member From Class: ClassName=Power Member=Cx12
Removed Member From Class: ClassName=Power Member=D2
Removed Member From Class: ClassName=Power Member=J2
Removed Member From Class: ClassName=Motor Member=U11
Added Member To Class: ClassName=Power Member=Component C2 22uF 16V
Added Member To Class: ClassName=Power Member=Component C5 22uF 16V
Added Member To Class: ClassName=Power Member=Component C6 10uF 16V
Added Member To Class: ClassName=MCU Member=Component C7 22uF 6.3
Added Member To Class: ClassName=MCU Member=Component C9 22uF 6.3
Added Member To Class: ClassName=MCU Member=Component C11 22uF 6.3V
Added Member To Class: ClassName=MCU Member=Component C13 22pF
Added Member To Class: ClassName=Motor Member=Component C15 22uF 16V
Added Member To Class: ClassName=LED Member=Component C17 22uF 6.3
Added Member To Class: ClassName=Power Member=Component Cx1 2.2nF
Added Member To Class: ClassName=Power Member=Component Cx2 104
Added Member To Class: ClassName=Power Member=Component Cx3 104
Added Member To Class: ClassName=Power Member=Component Cx4 104
Added Member To Class: ClassName=Power Member=Component Cx6 104
Added Member To Class: ClassName=MCU Member=Component Cx7 104
Added Member To Class: ClassName=MCU Member=Component Cx8 104
Added Member To Class: ClassName=MCU Member=Component Cx9 104
Added Member To Class: ClassName=Power Member=Component D1 SS34
Added Member To Class: ClassName=LED Member=Component D3 WS2812 5050
Added Member To Class: ClassName=LED Member=Component D5 WS2812 5050
Added Member To Class: ClassName=LED Member=Component D7 WS2812 5050
Added Member To Class: ClassName=Power Member=Component J1 XL1509_5V
Added Member To Class: ClassName=Motor Member=Component J3 1735446-6
Added Member To Class: ClassName=Power Member=Component R6 220R
Added Member To Class: ClassName=Power Member=Component R7 10k
Added Member To Class: ClassName=Power Member=Component R10 10k
Added Member To Class: ClassName=Power Member=Component R13 100k
Added Member To Class: ClassName=Power Member=Component R16 2k
Added Member To Class: ClassName=MCU Member=Component R18 4k7
Added Member To Class: ClassName=MCU Member=Component R22 4k7
Added Member To Class: ClassName=MCU Member=Component R24 10k
Added Member To Class: ClassName=MCU Member=Component R27 10k
Added Member To Class: ClassName=MCU Member=Component R29 10k
Added Member To Class: ClassName=MCU Member=Component R31 1k
Added Member To Class: ClassName=MCU Member=Component R33 10k
Added Member To Class: ClassName=MCU Member=Component R35 470
Added Member To Class: ClassName=Motor Member=Component R37 4k7
Added Member To Class: ClassName=Power Member=Component U1 LM1117-5V
Added Member To Class: ClassName=Power Member=Component U3 AO3401
Added Member To Class: ClassName=Power Member=Component U6 AO3401
Added Member To Class: ClassName=MCU Member=Component U8 74HC4050D,653
Added Member To Class: ClassName=MCU Member=Component U10 ESP32-WROOM-32
Added Member To Class: ClassName=Motor Member=Component U12 TB6612FNG,C,8,EL
