Added Component: Designator=P1(Header_4_ngang)
Add component (AddParameter): Name = "LatestRevisionDate"; Value = "17-Jul-2002"; VariantName = "[No Variations]"
Add component (AddParameter): Name = "LatestRevisionNote"; Value = "Re-released for DXP Platform."; VariantName = "[No Variations]"
Add component (AddParameter): Name = "Publisher"; Value = "Altium Limited"; VariantName = "[No Variations]"
Added Component: Designator=P2(Header_4_ngang)
Add component (AddParameter): Name = "LatestRevisionDate"; Value = "17-Jul-2002"; VariantName = "[No Variations]"
Add component (AddParameter): Name = "LatestRevisionNote"; Value = "Re-released for DXP Platform."; VariantName = "[No Variations]"
Add component (AddParameter): Name = "Publisher"; Value = "Altium Limited"; VariantName = "[No Variations]"
Added Component: Designator=P3(Header_4_ngang)
Add component (AddParameter): Name = "LatestRevisionDate"; Value = "17-Jul-2002"; VariantName = "[No Variations]"
Add component (AddParameter): Name = "LatestRevisionNote"; Value = "Re-released for DXP Platform."; VariantName = "[No Variations]"
Add component (AddParameter): Name = "Publisher"; Value = "Altium Limited"; VariantName = "[No Variations]"
Added Component: Designator=P4(Header_4_ngang)
Add component (AddParameter): Name = "LatestRevisionDate"; Value = "17-Jul-2002"; VariantName = "[No Variations]"
Add component (AddParameter): Name = "LatestRevisionNote"; Value = "Re-released for DXP Platform."; VariantName = "[No Variations]"
Add component (AddParameter): Name = "Publisher"; Value = "Altium Limited"; VariantName = "[No Variations]"
Added Component: Designator=P5(Header_4_ngang)
Add component (AddParameter): Name = "LatestRevisionDate"; Value = "17-Jul-2002"; VariantName = "[No Variations]"
Add component (AddParameter): Name = "LatestRevisionNote"; Value = "Re-released for DXP Platform."; VariantName = "[No Variations]"
Add component (AddParameter): Name = "Publisher"; Value = "Altium Limited"; VariantName = "[No Variations]"
Added Component: Designator=P6(Header_4_ngang)
Add component (AddParameter): Name = "LatestRevisionDate"; Value = "17-Jul-2002"; VariantName = "[No Variations]"
Add component (AddParameter): Name = "LatestRevisionNote"; Value = "Re-released for DXP Platform."; VariantName = "[No Variations]"
Add component (AddParameter): Name = "Publisher"; Value = "Altium Limited"; VariantName = "[No Variations]"
Added Component: Designator=P7(Header_4_ngang)
Add component (AddParameter): Name = "LatestRevisionDate"; Value = "17-Jul-2002"; VariantName = "[No Variations]"
Add component (AddParameter): Name = "LatestRevisionNote"; Value = "Re-released for DXP Platform."; VariantName = "[No Variations]"
Add component (AddParameter): Name = "Publisher"; Value = "Altium Limited"; VariantName = "[No Variations]"
Added Component: Designator=P8(Header_4_ngang)
Add component (AddParameter): Name = "LatestRevisionDate"; Value = "17-Jul-2002"; VariantName = "[No Variations]"
Add component (AddParameter): Name = "LatestRevisionNote"; Value = "Re-released for DXP Platform."; VariantName = "[No Variations]"
Add component (AddParameter): Name = "Publisher"; Value = "Altium Limited"; VariantName = "[No Variations]"
Added Component: Designator=P9(Header_4_ngang)
Add component (AddParameter): Name = "LatestRevisionDate"; Value = "17-Jul-2002"; VariantName = "[No Variations]"
Add component (AddParameter): Name = "LatestRevisionNote"; Value = "Re-released for DXP Platform."; VariantName = "[No Variations]"
Add component (AddParameter): Name = "Publisher"; Value = "Altium Limited"; VariantName = "[No Variations]"
Added Component: Designator=P10(Header_4_ngang)
Add component (AddParameter): Name = "LatestRevisionDate"; Value = "17-Jul-2002"; VariantName = "[No Variations]"
Add component (AddParameter): Name = "LatestRevisionNote"; Value = "Re-released for DXP Platform."; VariantName = "[No Variations]"
Add component (AddParameter): Name = "Publisher"; Value = "Altium Limited"; VariantName = "[No Variations]"
Added Component: Designator=P11(Header_4_ngang)
Add component (AddParameter): Name = "LatestRevisionDate"; Value = "17-Jul-2002"; VariantName = "[No Variations]"
Add component (AddParameter): Name = "LatestRevisionNote"; Value = "Re-released for DXP Platform."; VariantName = "[No Variations]"
Add component (AddParameter): Name = "Publisher"; Value = "Altium Limited"; VariantName = "[No Variations]"
Added Component: Designator=P12(Header_4_ngang)
Add component (AddParameter): Name = "LatestRevisionDate"; Value = "17-Jul-2002"; VariantName = "[No Variations]"
Add component (AddParameter): Name = "LatestRevisionNote"; Value = "Re-released for DXP Platform."; VariantName = "[No Variations]"
Add component (AddParameter): Name = "Publisher"; Value = "Altium Limited"; VariantName = "[No Variations]"
Added Component: Designator=P13(Header_4_ngang)
Add component (AddParameter): Name = "LatestRevisionDate"; Value = "17-Jul-2002"; VariantName = "[No Variations]"
Add component (AddParameter): Name = "LatestRevisionNote"; Value = "Re-released for DXP Platform."; VariantName = "[No Variations]"
Add component (AddParameter): Name = "Publisher"; Value = "Altium Limited"; VariantName = "[No Variations]"
Added Component: Designator=P14(Header_4_ngang)
Add component (AddParameter): Name = "LatestRevisionDate"; Value = "17-Jul-2002"; VariantName = "[No Variations]"
Add component (AddParameter): Name = "LatestRevisionNote"; Value = "Re-released for DXP Platform."; VariantName = "[No Variations]"
Add component (AddParameter): Name = "Publisher"; Value = "Altium Limited"; VariantName = "[No Variations]"
Added Component: Designator=P15(Header_4_ngang)
Add component (AddParameter): Name = "LatestRevisionDate"; Value = "17-Jul-2002"; VariantName = "[No Variations]"
Add component (AddParameter): Name = "LatestRevisionNote"; Value = "Re-released for DXP Platform."; VariantName = "[No Variations]"
Add component (AddParameter): Name = "Publisher"; Value = "Altium Limited"; VariantName = "[No Variations]"
Added Component: Designator=P16(Header_4_ngang)
Add component (AddParameter): Name = "LatestRevisionDate"; Value = "17-Jul-2002"; VariantName = "[No Variations]"
Add component (AddParameter): Name = "LatestRevisionNote"; Value = "Re-released for DXP Platform."; VariantName = "[No Variations]"
Add component (AddParameter): Name = "Publisher"; Value = "Altium Limited"; VariantName = "[No Variations]"
Added Pin To Net: NetName=+5L Pin=P1-1
Added Pin To Net: NetName=GND Pin=P1-2
Added Pin To Net: NetName=SDA_3 Pin=P1-3
Added Pin To Net: NetName=SCL_3 Pin=P1-4
Added Pin To Net: NetName=+5L Pin=P2-1
Added Pin To Net: NetName=GND Pin=P2-2
Added Pin To Net: NetName=SDA_2 Pin=P2-3
Added Pin To Net: NetName=SCL_2 Pin=P2-4
Added Pin To Net: NetName=+5L Pin=P3-1
Added Pin To Net: NetName=GND Pin=P3-2
Added Pin To Net: NetName=SDA_1 Pin=P3-3
Added Pin To Net: NetName=SCL_1 Pin=P3-4
Added Pin To Net: NetName=+5L Pin=P4-1
Added Pin To Net: NetName=GND Pin=P4-2
Added Pin To Net: NetName=SDA_0 Pin=P4-3
Added Pin To Net: NetName=SCL_0 Pin=P4-4
Added Pin To Net: NetName=+5L Pin=P5-1
Added Pin To Net: NetName=GND Pin=P5-2
Added Pin To Net: NetName=SDA_4 Pin=P5-3
Added Pin To Net: NetName=SCL_4 Pin=P5-4
Added Pin To Net: NetName=+5L Pin=P6-1
Added Pin To Net: NetName=GND Pin=P6-2
Added Pin To Net: NetName=SDA_5 Pin=P6-3
Added Pin To Net: NetName=SCL_5 Pin=P6-4
Added Pin To Net: NetName=+5L Pin=P7-1
Added Pin To Net: NetName=GND Pin=P7-2
Added Pin To Net: NetName=SDA_6 Pin=P7-3
Added Pin To Net: NetName=SCL_6 Pin=P7-4
Added Pin To Net: NetName=+5L Pin=P8-1
Added Pin To Net: NetName=GND Pin=P8-2
Added Pin To Net: NetName=SDA_7 Pin=P8-3
Added Pin To Net: NetName=SCL_7 Pin=P8-4
Added Pin To Net: NetName=+5L Pin=P9-1
Added Pin To Net: NetName=GND Pin=P9-2
Added Pin To Net: NetName=S2 Pin=P9-3
Added Pin To Net: NetName=OP2 Pin=P9-4
Added Pin To Net: NetName=+5L Pin=P10-1
Added Pin To Net: NetName=GND Pin=P10-2
Added Pin To Net: NetName=S6 Pin=P10-3
Added Pin To Net: NetName=OP6 Pin=P10-4
Added Pin To Net: NetName=+5L Pin=P11-1
Added Pin To Net: NetName=GND Pin=P11-2
Added Pin To Net: NetName=S1 Pin=P11-3
Added Pin To Net: NetName=OP1 Pin=P11-4
Added Pin To Net: NetName=+5L Pin=P12-1
Added Pin To Net: NetName=GND Pin=P12-2
Added Pin To Net: NetName=S5 Pin=P12-3
Added Pin To Net: NetName=OP5 Pin=P12-4
Added Pin To Net: NetName=+5L Pin=P13-1
Added Pin To Net: NetName=GND Pin=P13-2
Added Pin To Net: NetName=S7 Pin=P13-3
Added Pin To Net: NetName=OP7 Pin=P13-4
Added Pin To Net: NetName=+5L Pin=P14-1
Added Pin To Net: NetName=GND Pin=P14-2
Added Pin To Net: NetName=S8 Pin=P14-3
Added Pin To Net: NetName=OP8 Pin=P14-4
Added Pin To Net: NetName=+5L Pin=P15-1
Added Pin To Net: NetName=GND Pin=P15-2
Added Pin To Net: NetName=S3 Pin=P15-3
Added Pin To Net: NetName=OP3 Pin=P15-4
Added Pin To Net: NetName=+5L Pin=P16-1
Added Pin To Net: NetName=GND Pin=P16-2
Added Pin To Net: NetName=S4 Pin=P16-3
Added Pin To Net: NetName=OP4 Pin=P16-4
Added Member To Class: ClassName=MCU Member=Component P1 Header 4
Added Member To Class: ClassName=MCU Member=Component P2 Header 4
Added Member To Class: ClassName=MCU Member=Component P3 Header 4
Added Member To Class: ClassName=MCU Member=Component P4 Header 4
Added Member To Class: ClassName=MCU Member=Component P5 Header 4
Added Member To Class: ClassName=MCU Member=Component P6 Header 4
Added Member To Class: ClassName=MCU Member=Component P7 Header 4
Added Member To Class: ClassName=MCU Member=Component P8 Header 4
Added Member To Class: ClassName=MCU Member=Component P9 Header 4
Added Member To Class: ClassName=MCU Member=Component P10 Header 4
Added Member To Class: ClassName=MCU Member=Component P11 Header 4
Added Member To Class: ClassName=MCU Member=Component P12 Header 4
Added Member To Class: ClassName=MCU Member=Component P13 Header 4
Added Member To Class: ClassName=MCU Member=Component P14 Header 4
Added Member To Class: ClassName=MCU Member=Component P15 Header 4
Added Member To Class: ClassName=MCU Member=Component P16 Header 4
Added Room: Name=MCU
Added Room: Name=Power
