Removed Pin From Net: NetName=+5 Pin=Q2-1
Removed Member From Class: ClassName=POWER Member=+VBUS
Change Component Footprint: Designator=R1 Old Footprint=RES-SM-0805 New Footprint=RES-SMD-0805
Change Component Footprint: Designator=R2 Old Footprint=RES-SM-0805 New Footprint=RES-SMD-0805
Change Component Footprint: Designator=R3 Old Footprint=RES-SM-0805 New Footprint=RES-SMD-0805
Change Component Footprint: Designator=R4 Old Footprint=RES-SM-0805 New Footprint=RES-SMD-0805
Change Component Footprint: Designator=R5 Old Footprint=RES-SM-0805 New Footprint=RES-SMD-0805
Change Component Footprint: Designator=R6 Old Footprint=RES-SM-0805 New Footprint=RES-SMD-0805
Change Component Footprint: Designator=R7 Old Footprint=RES-SMD-0603 New Footprint=RES-SMD-0805
Change Component Footprint: Designator=R9 Old Footprint=RES-SMD-0603 New Footprint=RES-SMD-0805
Change Component Footprint: Designator=R10 Old Footprint=RES-SMD-0603 New Footprint=RES-SMD-0805
Change Component Footprint: Designator=R11 Old Footprint=RES-SMD-0603 New Footprint=RES-SMD-0805
Change Component Footprint: Designator=R12 Old Footprint=RES-SMD-0603 New Footprint=RES-SMD-0805
Change Component Footprint: Designator=R13 Old Footprint=RES-SMD-0603 New Footprint=RES-SMD-0805
Change Component Footprint: Designator=R14 Old Footprint=RES-SMD-0603 New Footprint=RES-SMD-0805
Change Component Footprint: Designator=R15 Old Footprint=RES-SMD-0603 New Footprint=RES-SMD-0805
Change Component Footprint: Designator=R16 Old Footprint=RES-SMD-0603 New Footprint=RES-SMD-0805
Change Component Footprint: Designator=R17 Old Footprint=RES-SMD-0603 New Footprint=RES-SMD-0805
Change Component Footprint: Designator=R25 Old Footprint=RES-SMD-0603 New Footprint=RES-SMD-0805
Change Component Footprint: Designator=R26 Old Footprint=RES-SMD-0603 New Footprint=RES-SMD-0805
Change Component Footprint: Designator=R27 Old Footprint=RES-SMD-0603 New Footprint=RES-SMD-0805
Change Component Footprint: Designator=R28 Old Footprint=RES-SMD-0603 New Footprint=RES-SMD-0805
Change Component Footprint: Designator=R29 Old Footprint=RES-SMD-0603 New Footprint=RES-SMD-0805
Change Component Footprint: Designator=R30 Old Footprint=RES-SMD-0603 New Footprint=RES-SMD-0805
Change Component Footprint: Designator=R31 Old Footprint=RES-SMD-0603 New Footprint=RES-SMD-0805
Change Component Footprint: Designator=R32 Old Footprint=RES-SMD-0603 New Footprint=RES-SMD-0805
Change Component Footprint: Designator=R33 Old Footprint=RES-SMD-0603 New Footprint=RES-SMD-0805
Change Component Footprint: Designator=R34 Old Footprint=RES-SMD-0603 New Footprint=RES-SMD-0805
Change Component Footprint: Designator=R35 Old Footprint=RES-SMD-0603 New Footprint=RES-SMD-0805
Change Component Footprint: Designator=R36 Old Footprint=RES-SMD-0603 New Footprint=RES-SMD-0805
Change Component Footprint: Designator=R37 Old Footprint=RES-SMD-0603 New Footprint=RES-SMD-0805
Change Component Footprint: Designator=R38 Old Footprint=RES-SMD-0603 New Footprint=RES-SMD-0805
Change Component Footprint: Designator=R39 Old Footprint=RES-SMD-0603 New Footprint=RES-SMD-0805
Added Pin To Net: NetName=+9 Pin=Q2-1
Added Pin To Net: NetName=+5 Pin=U7-2
Added Member To Class: ClassName=Power Member=Component Q1 2SC1815
Added Room: Name=LED
Added Room: Name=MCU
Added Room: Name=Motor
Added Room: Name=Power
