Change Component Designator: Old Designator=C8 New Designator=C7
Change Component Designator: Old Designator=C9 New Designator=C8
Change Component Designator: Old Designator=C10 New Designator=C9
Change Component Designator: Old Designator=C11 New Designator=C10
Change Component Designator: Old Designator=C12 New Designator=C11
Change Component Designator: Old Designator=C13 New Designator=C12
Change Component Designator: Old Designator=C14 New Designator=C13
Change Component Designator: Old Designator=Cx4 New Designator=Cx7
Change Component Designator: Old Designator=Cx5 New Designator=Cx8
Change Component Designator: Old Designator=Cx6 New Designator=Cx9
Change Component Designator: Old Designator=Cx7 New Designator=Cx10
Change Component Designator: Old Designator=J1 New Designator=J2
Change Component Designator: Old Designator=R18 New Designator=R17
Change Component Designator: Old Designator=R19 New Designator=R18
Change Component Designator: Old Designator=R20 New Designator=R19
Change Component Designator: Old Designator=R21 New Designator=R22
Change Component Designator: Old Designator=R22 New Designator=R20
Change Component Designator: Old Designator=R23 New Designator=R21
Change Component Designator: Old Designator=R24 New Designator=R23
Change Component Designator: Old Designator=R25 New Designator=R24
Change Component Designator: Old Designator=R26 New Designator=R25
Change Component Designator: Old Designator=R27 New Designator=R26
Change Component Designator: Old Designator=R28 New Designator=R27
Change Component Designator: Old Designator=R29 New Designator=R28
Change Component Designator: Old Designator=R30 New Designator=R29
Change Component Designator: Old Designator=R31 New Designator=R30
Change Component Designator: Old Designator=R32 New Designator=R31
Change Component Designator: Old Designator=R33 New Designator=R32
Change Component Designator: Old Designator=R34 New Designator=R33
Change Component Designator: Old Designator=R35 New Designator=R34
Change Component Designator: Old Designator=R36 New Designator=R35
Change Component Designator: Old Designator=U8 New Designator=U7
Change Component Designator: Old Designator=U9 New Designator=U8
Change Component Designator: Old Designator=U10 New Designator=U9
Change Component Designator: Old Designator=U11 New Designator=U10
Change Component Designator: Old Designator=U12 New Designator=U11
