Change Component Designator: Old Designator=C2 New Designator=C3
Change Component Designator: Old Designator=C3 New Designator=C5
Change Component Designator: Old Designator=C4 New Designator=C2
Change Component Designator: Old Designator=C5 New Designator=C6
Change Component Designator: Old Designator=C? New Designator=C4
Change Component Designator: Old Designator=C? New Designator=C7
Change Component Designator: Old Designator=Q1 New Designator=Q2
Change Component Designator: Old Designator=Q2 New Designator=Q3
Change Component Designator: Old Designator=Q? New Designator=Q1
Change Component Designator: Old Designator=R1 New Designator=R3
Change Component Designator: Old Designator=R2 New Designator=R4
Change Component Designator: Old Designator=R3 New Designator=R5
Change Component Designator: Old Designator=R4 New Designator=R6
Change Component Designator: Old Designator=R5 New Designator=R7
Change Component Designator: Old Designator=R6 New Designator=R8
Change Component Designator: Old Designator=R7 New Designator=R9
Change Component Designator: Old Designator=R8 New Designator=R10
Change Component Designator: Old Designator=R17 New Designator=R11
Change Component Designator: Old Designator=R18 New Designator=R12
Change Component Designator: Old Designator=R20 New Designator=R13
Change Component Designator: Old Designator=R22 New Designator=R14
Change Component Designator: Old Designator=R24 New Designator=R16
Change Component Designator: Old Designator=R25 New Designator=R15
Change Component Designator: Old Designator=R? New Designator=R1
Change Component Designator: Old Designator=R? New Designator=R2
Change Component Designator: Old Designator=SW? New Designator=SW1
Change Component Designator: Old Designator=U3 New Designator=U5
Change Component Designator: Old Designator=U5 New Designator=U6
Change Component Designator: Old Designator=U? New Designator=U3
