Change Component Designator: Old Designator=C9 New Designator=C1
Change Component Designator: Old Designator=C10 New Designator=C2
Change Component Designator: Old Designator=C11 New Designator=C3
Change Component Designator: Old Designator=C12 New Designator=C4
Change Component Designator: Old Designator=C13 New Designator=C5
Change Component Designator: Old Designator=C14 New Designator=C6
Change Component Designator: Old Designator=C15 New Designator=C7
Change Component Designator: Old Designator=Cx7 New Designator=Cx1
Change Component Designator: Old Designator=Cx8 New Designator=Cx2
Change Component Designator: Old Designator=Cx9 New Designator=Cx3
Change Component Designator: Old Designator=J2 New Designator=J1
Change Component Designator: Old Designator=LED2 New Designator=LED1
Change Component Designator: Old Designator=LED3 New Designator=LED2
Change Component Designator: Old Designator=Q4 New Designator=Q1
Change Component Designator: Old Designator=Q5 New Designator=Q2
Change Component Designator: Old Designator=R16 New Designator=R1
Change Component Designator: Old Designator=R17 New Designator=R2
Change Component Designator: Old Designator=R18 New Designator=R3
Change Component Designator: Old Designator=R19 New Designator=R4
Change Component Designator: Old Designator=R20 New Designator=R5
Change Component Designator: Old Designator=R21 New Designator=R6
Change Component Designator: Old Designator=R22 New Designator=R7
Change Component Designator: Old Designator=R23 New Designator=R8
Change Component Designator: Old Designator=R24 New Designator=R9
Change Component Designator: Old Designator=R25 New Designator=R10
Change Component Designator: Old Designator=R26 New Designator=R11
Change Component Designator: Old Designator=R27 New Designator=R12
Change Component Designator: Old Designator=R28 New Designator=R13
Change Component Designator: Old Designator=R29 New Designator=R14
Change Component Designator: Old Designator=R30 New Designator=R15
Change Component Designator: Old Designator=R31 New Designator=R16
Change Component Designator: Old Designator=R32 New Designator=R17
Change Component Designator: Old Designator=R33 New Designator=R18
Change Component Designator: Old Designator=SW3 New Designator=SW1
Change Component Designator: Old Designator=SW4 New Designator=SW2
Change Component Designator: Old Designator=SW5 New Designator=SW3
Change Component Designator: Old Designator=U4 New Designator=U1
Change Component Designator: Old Designator=U5 New Designator=U2
Change Component Designator: Old Designator=U6 New Designator=U3
Change Component Designator: Old Designator=U7 New Designator=U4
Change Component Designator: Old Designator=U8 New Designator=U5
